\BOOKMARK [0][]{chapter*.5}{Lista de Abreviaturas}{}% 1
\BOOKMARK [0][]{chapter*.6}{Lista de S\355mbolos}{}% 2
\BOOKMARK [0][]{chapter*.7}{Lista de Figuras}{}% 3
\BOOKMARK [0][]{chapter*.8}{Lista de Tabelas}{}% 4
\BOOKMARK [0][]{chapter.1}{Introdu\347\343o}{}% 5
\BOOKMARK [1][]{section.1.1}{Considera\347\365es Preliminares}{chapter.1}% 6
\BOOKMARK [1][]{section.1.2}{Objetivos}{chapter.1}% 7
\BOOKMARK [1][]{section.1.3}{Contribui\347\365es}{chapter.1}% 8
\BOOKMARK [1][]{section.1.4}{Organiza\347\343o do Trabalho}{chapter.1}% 9
\BOOKMARK [0][]{chapter.2}{Conceitos}{}% 10
\BOOKMARK [1][]{section.2.1}{Fundamentos}{chapter.2}% 11
\BOOKMARK [2][]{subsection.2.1.1}{\301cidos Nucl\351icos}{section.2.1}% 12
\BOOKMARK [2][]{subsection.2.1.2}{Amino\341cidos}{section.2.1}% 13
\BOOKMARK [1][]{section.2.2}{Exemplo de C\363digo-Fonte em Java}{chapter.2}% 14
\BOOKMARK [1][]{section.2.3}{Algumas Refer\352ncias}{chapter.2}% 15
\BOOKMARK [0][]{chapter.3}{Conclus\365es}{}% 16
\BOOKMARK [1][]{section.3.1}{Considera\347\365es Finais}{chapter.3}% 17
\BOOKMARK [1][]{section.3.2}{Sugest\365es para Pesquisas Futuras}{chapter.3}% 18
\BOOKMARK [0][]{appendix.A}{Sequ\352ncias}{}% 19
\BOOKMARK [0][]{appendix*.12}{Refer\352ncias Bibliogr\341ficas}{}% 20
\BOOKMARK [0][]{appendix*.12}{\315ndice Remissivo}{}% 21
