This is pdfTeX, Version 3.1415926-1.40.10 (TeX Live 2009/Debian) (format=pdflatex 2012.6.20)  12 JAN 2013 10:35
entering extended mode
 %&-line parsing enabled.
**dissertacao.tex
(./dissertacao.tex
LaTeX2e <2009/09/24>
Babel <v3.8l> and hyphenation patterns for english, usenglishmax, dumylang, noh
yphenation, farsi, arabic, croatian, bulgarian, ukrainian, russian, czech, slov
ak, danish, dutch, finnish, french, basque, ngerman, german, german-x-2009-06-1
9, ngerman-x-2009-06-19, ibycus, monogreek, greek, ancientgreek, hungarian, san
skrit, italian, latin, latvian, lithuanian, mongolian2a, mongolian, bokmal, nyn
orsk, romanian, irish, coptic, serbian, turkish, welsh, esperanto, uppersorbian
, estonian, indonesian, interlingua, icelandic, kurmanji, slovenian, polish, po
rtuguese, spanish, galician, catalan, swedish, ukenglish, pinyin, loaded.
(/usr/share/texmf-texlive/tex/latex/base/book.cls
Document Class: book 2007/10/19 v1.4h Standard LaTeX document class
(/usr/share/texmf-texlive/tex/latex/base/bk12.clo
File: bk12.clo 2007/10/19 v1.4h Standard LaTeX file (size option)
)
\c@part=\count79
\c@chapter=\count80
\c@section=\count81
\c@subsection=\count82
\c@subsubsection=\count83
\c@paragraph=\count84
\c@subparagraph=\count85
\c@figure=\count86
\c@table=\count87
\abovecaptionskip=\skip41
\belowcaptionskip=\skip42
\bibindent=\dimen102
)
(/usr/share/texmf-texlive/tex/latex/base/fontenc.sty
Package: fontenc 2005/09/27 v1.99g Standard LaTeX package

(/usr/share/texmf-texlive/tex/latex/base/t1enc.def
File: t1enc.def 2005/09/27 v1.99g Standard LaTeX file
LaTeX Font Info:    Redeclaring font encoding T1 on input line 43.
))
(/var/lib/texmf/tex/generic/babel/babel.sty
Package: babel 2008/07/06 v3.8l The Babel package

(/usr/share/texmf-texlive/tex/generic/babel/portuges.ldf
Language: portuges 2008/03/18 v1.2q Portuguese support from the babel system

(/usr/share/texmf-texlive/tex/generic/babel/babel.def
File: babel.def 2008/07/06 v3.8l Babel common definitions
\babel@savecnt=\count88
\U@D=\dimen103
)
\l@brazil = a dialect from \language\l@portuges 
Package babel Info: Making " an active character on input line 145.
))
(/usr/share/texmf-texlive/tex/latex/base/inputenc.sty
Package: inputenc 2008/03/30 v1.1d Input encoding file
\inpenc@prehook=\toks14
\inpenc@posthook=\toks15

(/usr/share/texmf-texlive/tex/latex/base/latin1.def
File: latin1.def 2008/03/30 v1.1d Input encoding file
))
(/usr/share/texmf-texlive/tex/latex/graphics/graphicx.sty
Package: graphicx 1999/02/16 v1.0f Enhanced LaTeX Graphics (DPC,SPQR)

(/usr/share/texmf-texlive/tex/latex/graphics/keyval.sty
Package: keyval 1999/03/16 v1.13 key=value parser (DPC)
\KV@toks@=\toks16
)
(/usr/share/texmf-texlive/tex/latex/graphics/graphics.sty
Package: graphics 2009/02/05 v1.0o Standard LaTeX Graphics (DPC,SPQR)

(/usr/share/texmf-texlive/tex/latex/graphics/trig.sty
Package: trig 1999/03/16 v1.09 sin cos tan (DPC)
)
(/etc/texmf/tex/latex/config/graphics.cfg
File: graphics.cfg 2009/08/28 v1.8 graphics configuration of TeX Live
)
Package graphics Info: Driver file: pdftex.def on input line 91.

(/usr/share/texmf-texlive/tex/latex/pdftex-def/pdftex.def
File: pdftex.def 2010/03/12 v0.04p Graphics/color for pdfTeX
\Gread@gobject=\count89
))
\Gin@req@height=\dimen104
\Gin@req@width=\dimen105
)
(/usr/share/texmf-texlive/tex/latex/setspace/setspace.sty
Package: setspace 2000/12/01 6.7 Contributed and Supported LaTeX2e package

Package: `setspace' 6.7 <2000/12/01>
) (/usr/share/texmf-texlive/tex/latex/tools/indentfirst.sty
Package: indentfirst 1995/11/23 v1.03 Indent first paragraph (DPC)
)
(/usr/share/texmf-texlive/tex/latex/base/makeidx.sty
Package: makeidx 2000/03/29 v1.0m Standard LaTeX package
)
(/usr/share/texmf-texlive/tex/latex/tocbibind/tocbibind.sty
Package: tocbibind 2009/09/04 v1.5i extra ToC listings


Package tocbibind Note: The document has chapter divisions.


Package tocbibind Note: Using chapter style headings, unless overridden.

) (/usr/share/texmf-texlive/tex/latex/psnfss/courier.sty
Package: courier 2005/04/12 PSNFSS-v9.2a (WaS) 
)
(/usr/share/texmf-texlive/tex/latex/type1cm/type1cm.sty
Package: type1cm 2002/09/05 v0.04 BlueSky/Y&Y Type1 CM font definitions (DPC, p
atched RF)
)
(/usr/share/texmf-texlive/tex/latex/listings/listings.sty
\lst@mode=\count90
\lst@gtempboxa=\box26
\lst@token=\toks17
\lst@length=\count91
\lst@currlwidth=\dimen106
\lst@column=\count92
\lst@pos=\count93
\lst@lostspace=\dimen107
\lst@width=\dimen108
\lst@newlines=\count94
\lst@lineno=\count95
\lst@maxwidth=\dimen109

(/usr/share/texmf-texlive/tex/latex/listings/lstmisc.sty
File: lstmisc.sty 2007/02/22 1.4 (Carsten Heinz)
\c@lstnumber=\count96
\lst@skipnumbers=\count97
\lst@framebox=\box27
)
(/usr/share/texmf-texlive/tex/latex/listings/listings.cfg
File: listings.cfg 2007/02/22 1.4 listings configuration
))
Package: listings 2007/02/22 1.4 (Carsten Heinz)

(/usr/share/texmf-texlive/tex/latex/titlesec/titletoc.sty
Package: titletoc 2007/08/12 v1.6 TOC entries
\ttl@leftsep=\dimen110
)
(/usr/share/texmf-texlive/tex/latex/babelbib/babelbib.sty
Package: babelbib 2009/10/10 v1.29 babelbib: multilingual bibliographies (HH)
)
(/usr/share/texmf-texlive/tex/latex/caption/caption.sty
Package: caption 2009/10/09 v3.1k Customizing captions (AR)

(/usr/share/texmf-texlive/tex/latex/caption/caption3.sty
Package: caption3 2009/10/09 v3.1k caption3 kernel (AR)
\captionmargin=\dimen111
\captionmargin@=\dimen112
\captionwidth=\dimen113
\caption@indent=\dimen114
\caption@parindent=\dimen115
\caption@hangindent=\dimen116
)
\c@ContinuedFloat=\count98
Package caption Info: listings package is loaded.
)
(/usr/share/texmf/tex/latex/xcolor/xcolor.sty
Package: xcolor 2007/01/21 v2.11 LaTeX color extensions (UK)

(/etc/texmf/tex/latex/config/color.cfg
File: color.cfg 2007/01/18 v1.5 color configuration of teTeX/TeXLive
)
Package xcolor Info: Package option `usenames' ignored on input line 216.
Package xcolor Info: Driver file: pdftex.def on input line 225.
Package xcolor Info: Model `cmy' substituted by `cmy0' on input line 1337.
Package xcolor Info: Model `hsb' substituted by `rgb' on input line 1341.
Package xcolor Info: Model `RGB' extended on input line 1353.
Package xcolor Info: Model `HTML' substituted by `rgb' on input line 1355.
Package xcolor Info: Model `Hsb' substituted by `hsb' on input line 1356.
Package xcolor Info: Model `tHsb' substituted by `hsb' on input line 1357.
Package xcolor Info: Model `HSB' substituted by `hsb' on input line 1358.
Package xcolor Info: Model `Gray' substituted by `gray' on input line 1359.
Package xcolor Info: Model `wave' substituted by `hsb' on input line 1360.

(/usr/share/texmf-texlive/tex/latex/graphics/dvipsnam.def
File: dvipsnam.def 1999/02/16 v3.0i Driver-dependant file (DPC,SPQR)
)
(/usr/share/texmf/tex/latex/xcolor/svgnam.def
File: svgnam.def 2007/01/21 v2.11 Predefined colors according to SVG 1.1 (UK)
))
(/usr/share/texmf-texlive/tex/latex/geometry/geometry.sty
Package: geometry 2008/12/21 v4.2 Page Geometry

(/usr/share/texmf-texlive/tex/generic/oberdiek/ifpdf.sty
Package: ifpdf 2009/04/10 v2.0 Provides the ifpdf switch (HO)
Package ifpdf Info: pdfTeX in pdf mode detected.
)
(/usr/share/texmf-texlive/tex/generic/oberdiek/ifvtex.sty
Package: ifvtex 2008/11/04 v1.4 Switches for detecting VTeX and its modes (HO)
Package ifvtex Info: VTeX not detected.
)
\Gm@cnth=\count99
\Gm@cntv=\count100
\c@Gm@tempcnt=\count101
\Gm@bindingoffset=\dimen117
\Gm@wd@mp=\dimen118
\Gm@odd@mp=\dimen119
\Gm@even@mp=\dimen120
\Gm@dimlist=\toks18

(/usr/share/texmf-texlive/tex/xelatex/xetexconfig/geometry.cfg))
(/usr/share/texmf-texlive/tex/latex/hyperref/hyperref.sty
Package: hyperref 2009/10/09 v6.79a Hypertext links for LaTeX

(/usr/share/texmf-texlive/tex/generic/ifxetex/ifxetex.sty
Package: ifxetex 2009/01/23 v0.5 Provides ifxetex conditional
)
(/usr/share/texmf-texlive/tex/latex/oberdiek/hycolor.sty
Package: hycolor 2009/10/02 v1.5 Code for color options of hyperref/bookmark (H
O)

(/usr/share/texmf-texlive/tex/latex/oberdiek/xcolor-patch.sty
Package: xcolor-patch 2009/10/02 xcolor patch
))
\@linkdim=\dimen121
\Hy@linkcounter=\count102
\Hy@pagecounter=\count103

(/usr/share/texmf-texlive/tex/latex/hyperref/pd1enc.def
File: pd1enc.def 2009/10/09 v6.79a Hyperref: PDFDocEncoding definition (HO)
)
(/usr/share/texmf-texlive/tex/generic/oberdiek/etexcmds.sty
Package: etexcmds 2007/12/12 v1.2 Prefix for e-TeX command names (HO)

(/usr/share/texmf-texlive/tex/generic/oberdiek/infwarerr.sty
Package: infwarerr 2007/09/09 v1.2 Providing info/warning/message (HO)
)
Package etexcmds Info: Could not find \expanded.
(etexcmds)             That can mean that you are not using pdfTeX 1.50 or
(etexcmds)             that some package has redefined \expanded.
(etexcmds)             In the latter case, load this package earlier.
)
(/usr/share/texmf-texlive/tex/latex/latexconfig/hyperref.cfg
File: hyperref.cfg 2002/06/06 v1.2 hyperref configuration of TeXLive
)
(/usr/share/texmf-texlive/tex/latex/oberdiek/kvoptions.sty
Package: kvoptions 2009/08/13 v3.4 Keyval support for LaTeX options (HO)

(/usr/share/texmf-texlive/tex/generic/oberdiek/kvsetkeys.sty
Package: kvsetkeys 2009/07/30 v1.5 Key value parser with default handler suppor
t (HO)
))
Package hyperref Info: Option `plainpages' set `false' on input line 2864.
Package hyperref Info: Option `pdfpagelabels' set `true' on input line 2864.
Package hyperref Info: Option `colorlinks' set `true' on input line 2864.
Package hyperref Info: Option `bookmarksopen' set `true' on input line 2864.
Package hyperref Info: Hyper figures OFF on input line 2975.
Package hyperref Info: Link nesting OFF on input line 2980.
Package hyperref Info: Hyper index ON on input line 2983.
Package hyperref Info: Plain pages OFF on input line 2990.
Package hyperref Info: Backreferencing ON on input line 2993.

Implicit mode ON; LaTeX internals redefined
Package hyperref Info: Bookmarks ON on input line 3191.
(/usr/share/texmf-texlive/tex/latex/hyperref/backref.sty
Package: backref 2006/09/05 v1.28 Bibliographical back referencing
)
(/usr/share/texmf-texlive/tex/latex/ltxmisc/url.sty
\Urlmuskip=\muskip10
Package: url 2006/04/12  ver 3.3  Verb mode for urls, etc.
)
LaTeX Info: Redefining \url on input line 3428.

(/usr/share/texmf-texlive/tex/generic/oberdiek/bitset.sty
Package: bitset 2007/09/28 v1.0 Data type bit set (HO)

(/usr/share/texmf-texlive/tex/generic/oberdiek/intcalc.sty
Package: intcalc 2007/09/27 v1.1 Expandable integer calculations (HO)
)
(/usr/share/texmf-texlive/tex/generic/oberdiek/bigintcalc.sty
Package: bigintcalc 2007/11/11 v1.1 Expandable big integer calculations (HO)

(/usr/share/texmf-texlive/tex/generic/oberdiek/pdftexcmds.sty
Package: pdftexcmds 2009/09/23 v0.6 LuaTeX support for pdfTeX utility functions
 (HO)

(/usr/share/texmf-texlive/tex/generic/oberdiek/ifluatex.sty
Package: ifluatex 2009/04/17 v1.2 Provides the ifluatex switch (HO)
Package ifluatex Info: LuaTeX not detected.
)
(/usr/share/texmf-texlive/tex/generic/oberdiek/ltxcmds.sty
Package: ltxcmds 2009/08/05 v1.0 Some LaTeX kernel commands for general use (HO
)
)
Package pdftexcmds Info: LuaTeX not detected.
Package pdftexcmds Info: \pdf@primitive is available.
Package pdftexcmds Info: \pdf@ifprimitive is available.
)))
\Fld@menulength=\count104
\Field@Width=\dimen122
\Fld@charsize=\dimen123
\Field@toks=\toks19
Package hyperref Info: Hyper figures OFF on input line 4377.
Package hyperref Info: Link nesting OFF on input line 4382.
Package hyperref Info: Hyper index ON on input line 4385.
Package hyperref Info: backreferencing ON on input line 4390.
Package hyperref Info: Link coloring ON on input line 4395.
Package hyperref Info: Link coloring with OCG OFF on input line 4402.
Package hyperref Info: PDF/A mode OFF on input line 4407.

(/usr/share/texmf-texlive/tex/generic/oberdiek/atbegshi.sty
Package: atbegshi 2008/07/31 v1.9 At begin shipout hook (HO)
)
\Hy@abspage=\count105
\c@Item=\count106
\c@Hfootnote=\count107
)
*hyperref using driver hpdftex*
(/usr/share/texmf-texlive/tex/latex/hyperref/hpdftex.def
File: hpdftex.def 2009/10/09 v6.79a Hyperref driver for pdfTeX
\Fld@listcount=\count108
)
(/usr/share/texmf-texlive/tex/latex/oberdiek/hypcap.sty
Package: hypcap 2008/09/08 v1.10 Adjusting anchors of captions (HO)
) (./natbib.sty
Package: natbib 2007/02/05 8.0 (PWD)
\bibhang=\skip43
\bibsep=\skip44
LaTeX Info: Redefining \cite on input line 602.
\c@NAT@ctr=\count109
)
(/usr/share/texmf-texlive/tex/latex/amsfonts/amsfonts.sty
Package: amsfonts 2009/06/22 v3.00 Basic AMSFonts support
\@emptytoks=\toks20
\symAMSa=\mathgroup4
\symAMSb=\mathgroup5
LaTeX Font Info:    Overwriting math alphabet `\mathfrak' in version `bold'
(Font)                  U/euf/m/n --> U/euf/b/n on input line 96.
)
(/usr/share/texmf-texlive/tex/latex/base/latexsym.sty
Package: latexsym 1998/08/17 v2.2e Standard LaTeX package (lasy symbols)
\symlasy=\mathgroup6
LaTeX Font Info:    Overwriting symbol font `lasy' in version `bold'
(Font)                  U/lasy/m/n --> U/lasy/b/n on input line 47.
)
(/usr/share/texmf-texlive/tex/latex/base/ifthen.sty
Package: ifthen 2001/05/26 v1.1c Standard LaTeX ifthen package (DPC)
)
(/usr/share/texmf-texlive/tex/latex/amsmath/amsmath.sty
Package: amsmath 2000/07/18 v2.13 AMS math features
\@mathmargin=\skip45

For additional information on amsmath, use the `?' option.
(/usr/share/texmf-texlive/tex/latex/amsmath/amstext.sty
Package: amstext 2000/06/29 v2.01

(/usr/share/texmf-texlive/tex/latex/amsmath/amsgen.sty
File: amsgen.sty 1999/11/30 v2.0
\@emptytoks=\toks21
\ex@=\dimen124
))
(/usr/share/texmf-texlive/tex/latex/amsmath/amsbsy.sty
Package: amsbsy 1999/11/29 v1.2d
\pmbraise@=\dimen125
)
(/usr/share/texmf-texlive/tex/latex/amsmath/amsopn.sty
Package: amsopn 1999/12/14 v2.01 operator names
)
\inf@bad=\count110
LaTeX Info: Redefining \frac on input line 211.
\uproot@=\count111
\leftroot@=\count112
LaTeX Info: Redefining \overline on input line 307.
\classnum@=\count113
\DOTSCASE@=\count114
LaTeX Info: Redefining \ldots on input line 379.
LaTeX Info: Redefining \dots on input line 382.
LaTeX Info: Redefining \cdots on input line 467.
\Mathstrutbox@=\box28
\strutbox@=\box29
\big@size=\dimen126
LaTeX Font Info:    Redeclaring font encoding OML on input line 567.
LaTeX Font Info:    Redeclaring font encoding OMS on input line 568.
\macc@depth=\count115
\c@MaxMatrixCols=\count116
\dotsspace@=\muskip11
\c@parentequation=\count117
\dspbrk@lvl=\count118
\tag@help=\toks22
\row@=\count119
\column@=\count120
\maxfields@=\count121
\andhelp@=\toks23
\eqnshift@=\dimen127
\alignsep@=\dimen128
\tagshift@=\dimen129
\tagwidth@=\dimen130
\totwidth@=\dimen131
\lineht@=\dimen132
\@envbody=\toks24
\multlinegap=\skip46
\multlinetaggap=\skip47
\mathdisplay@stack=\toks25
LaTeX Info: Redefining \[ on input line 2666.
LaTeX Info: Redefining \] on input line 2667.
)
(/usr/share/texmf-texlive/tex/latex/amsfonts/euscript.sty
Package: euscript 2009/06/22 v3.00 Euler Script fonts
LaTeX Font Info:    Overwriting math alphabet `\EuScript' in version `bold'
(Font)                  U/eus/m/n --> U/eus/b/n on input line 33.
)
(/usr/share/texmf-texlive/tex/generic/epsf/epsf.sty
This is `epsf.tex' v2.7.3 <23 July 2005>
\epsffilein=\read1
\epsfframemargin=\dimen133
\epsfframethickness=\dimen134
\epsfrsize=\dimen135
\epsftmp=\dimen136
\epsftsize=\dimen137
\epsfxsize=\dimen138
\epsfysize=\dimen139
\pspoints=\dimen140
) (/usr/share/texmf-texlive/tex/latex/graphics/epsfig.sty
Package: epsfig 1999/02/16 v1.7a (e)psfig emulation (SPQR)
\epsfxsize=\dimen141
\epsfysize=\dimen142
)
(/usr/share/texmf-texlive/tex/latex/psfrag/psfrag.sty
Package: psfrag 1998/04/11 v3.04 PSfrag (MCG)
\pfg@pcount=\count122
\pfg@scount=\count123
\pfg@temp=\write3
)
(/usr/share/texmf-texlive/tex/latex/fancyhdr/fancyhdr.sty
\fancy@headwidth=\skip48
\f@ncyO@elh=\skip49
\f@ncyO@erh=\skip50
\f@ncyO@olh=\skip51
\f@ncyO@orh=\skip52
\f@ncyO@elf=\skip53
\f@ncyO@erf=\skip54
\f@ncyO@olf=\skip55
\f@ncyO@orf=\skip56
)
\@indexfile=\write4
\openout4 = `dissertacao.idx'.


Writing index file dissertacao.idx
(/usr/share/texmf-texlive/tex/latex/listings/lstlang1.sty
File: lstlang1.sty 2004/09/05 1.3 listings language file
) (./joel.sty
\c@theoremnumber=\count124
)
(./dissertacao.aux

LaTeX Warning: Label `fig:gps' multiply defined.


LaTeX Warning: Label `fig:gps' multiply defined.


LaTeX Warning: Label `subsec:dijkstra' multiply defined.


LaTeX Warning: Label `sec:definicao' multiply defined.


LaTeX Warning: Label `fig:rscp_mochila' multiply defined.


LaTeX Warning: Label `fig:zang1' multiply defined.


LaTeX Warning: Label `fig:zang1' multiply defined.


LaTeX Warning: Label `fig:zang1' multiply defined.


LaTeX Warning: Label `fig:zang1' multiply defined.


LaTeX Warning: Label `fig:zang1' multiply defined.


LaTeX Warning: Label `fig:zang1' multiply defined.


LaTeX Warning: Label `fig:zang1' multiply defined.


LaTeX Warning: Label `fig:zang1' multiply defined.


LaTeX Warning: Label `fig:gps' multiply defined.

(./ape-conjuntos.aux))
\openout1 = `dissertacao.aux'.

LaTeX Font Info:    Checking defaults for OML/cmm/m/it on input line 162.
LaTeX Font Info:    ... okay on input line 162.
LaTeX Font Info:    Checking defaults for T1/cmr/m/n on input line 162.
LaTeX Font Info:    ... okay on input line 162.
LaTeX Font Info:    Checking defaults for OT1/cmr/m/n on input line 162.
LaTeX Font Info:    ... okay on input line 162.
LaTeX Font Info:    Checking defaults for OMS/cmsy/m/n on input line 162.
LaTeX Font Info:    ... okay on input line 162.
LaTeX Font Info:    Checking defaults for OMX/cmex/m/n on input line 162.
LaTeX Font Info:    ... okay on input line 162.
LaTeX Font Info:    Checking defaults for U/cmr/m/n on input line 162.
LaTeX Font Info:    ... okay on input line 162.
LaTeX Font Info:    Checking defaults for PD1/pdf/m/n on input line 162.
LaTeX Font Info:    ... okay on input line 162.
 (/usr/share/texmf-texlive/tex/context/base/supp-pdf.mkii
[Loading MPS to PDF converter (version 2006.09.02).]
\scratchcounter=\count125
\scratchdimen=\dimen143
\scratchbox=\box30
\nofMPsegments=\count126
\nofMParguments=\count127
\everyMPshowfont=\toks26
\MPscratchCnt=\count128
\MPscratchDim=\dimen144
\MPnumerator=\count129
\everyMPtoPDFconversion=\toks27
)
\c@lstlisting=\count130

babelbib: Set bibliography fall-back language to brazil
(/usr/share/texmf-texlive/tex/latex/babelbib/portuguese.bdf
File: portuguese.bdf 2009/10/10 v1.29 babelbib: multilingual bibliographies (HH
)

babelbib extension \btxifchangecaseoff added to \extrasbrazil
)
babelbib: Load BibTeX extensions \bibsbrazil for brazil
babelbib: Set language for keywords in the bibliography fixed to brazil
Package caption Info: Begin \AtBeginDocument code.
Package caption Info: hyperref package is loaded.
Package caption Info: hypcap package is loaded.
Package caption Info: End \AtBeginDocument code.
*geometry auto-detecting driver*
*geometry detected driver: pdftex*
-------------------- Geometry parameters
paper: a4paper
landscape: --
twocolumn: --
twoside: true
asymmetric: --
h-parts: 56.9055pt, 468.33257pt, 72.2698pt
v-parts: 72.2698pt, 715.87154pt, 56.9055pt
hmarginratio: --
vmarginratio: --
lines: --
heightrounded: --
bindingoffset: 0.0pt
truedimen: --
includehead: --
includefoot: --
includemp: --
driver: pdftex
-------------------- Page layout dimensions and switches
\paperwidth  597.50787pt
\paperheight 845.04684pt
\textwidth  468.33257pt
\textheight 715.87154pt
\oddsidemargin  -15.36449pt
\evensidemargin -0.00018pt
\topmargin  -31.87398pt
\headheight 12.0pt
\headsep    19.8738pt
\footskip   30.0pt
\marginparwidth 88.0pt
\marginparsep   7.0pt
\columnsep  10.0pt
\skip\footins  10.8pt plus 4.0pt minus 2.0pt
\hoffset 0.0pt
\voffset 0.0pt
\mag 1000
\@twosidetrue \@mparswitchtrue 
(1in=72.27pt, 1cm=28.45pt)
-----------------------
Package hyperref Info: Link coloring ON on input line 162.
(/usr/share/texmf-texlive/tex/latex/hyperref/nameref.sty
Package: nameref 2007/05/29 v2.31 Cross-referencing by name of section

(/usr/share/texmf-texlive/tex/latex/oberdiek/refcount.sty
Package: refcount 2008/08/11 v3.1 Data extraction from references (HO)
)
\c@section@level=\count131
)
LaTeX Info: Redefining \ref on input line 162.
LaTeX Info: Redefining \pageref on input line 162.
 (./dissertacao.out) (./dissertacao.out)
\@outlinefile=\write5
\openout5 = `dissertacao.out'.

Package backref Info: ** backref set up for natbib ** on input line 162.
\AtBeginShipoutBox=\box31
 [1
Non-PDF special ignored!



{/var/lib/texmf/fonts/map/pdftex/updmap/pdftex.map}]
[2] (./cap-agradecimentos.tex) (./cap-resumo.texpdfTeX warning (ext4): destinat
ion with the same identifier (name{page.i}) has been already used, duplicate ig
nored
<to be read again> 
                   \relax 
l.2 \chapter
            *{Resumo} [1

]pdfTeX warning (ext4): destination with the same identifier (name{page.ii}) ha
s been already used, duplicate ignored
<to be read again> 
                   \relax 
l.2 \chapter
            *{Resumo} [2

] [3]) (./cap-abstract.tex [4] [5

]) [6]
(./dissertacao.toc [7

])
\tf@toc=\write6
\openout6 = `dissertacao.toc'.

 (./cap-abreviaturas.tex

Package Fancyhdr Warning: \headheight is too small (12.0pt): 
 Make it at least 12.1638pt.
 We now make it that large for the rest of the document.
 This may cause the page layout to be inconsistent, however.

[8]) (./cap-simbolos.tex [9

] [10

]) [11] [12

] (./dissertacao.lof)
\tf@lof=\write7
\openout7 = `dissertacao.lof'.

 [13] [14]
(./dissertacao.lot)
\tf@lot=\write8
\openout8 = `dissertacao.lot'.

 [15

] [16

] (./cap-introducao.tex
Cap\'{\i }tulo 1.
[1

]

pdfTeX warning: pdflatex (file ./figuras/pdf/qos.pdf): PDF inclusion: found PDF
 version <1.5>, but at most version <1.4> allowed
<figuras/pdf/qos.pdf, id=404, 441.65pt x 427.1292pt>
File: figuras/pdf/qos.pdf Graphic file (type pdf)
 <use figuras/pdf/qos.pdf>

LaTeX Warning: `!h' float specifier changed to `!ht'.


Package Fancyhdr Warning: \headheight is too small (12.1638pt): 
 Make it at least 14.49998pt.
 We now make it that large for the rest of the document.
 This may cause the page layout to be inconsistent, however.

[2] [3 <./figuras/pdf/qos.pdf>]
<figuras/jpg/gps.jpg, id=437, 505.89pt x 391.4625pt>
File: figuras/jpg/gps.jpg Graphic file (type jpg)
 <use figuras/jpg/gps.jpg>
[4 <./figuras/jpg/gps.jpg>] [5]

pdfTeX warning: pdflatex (file ./figuras/pdf/funcao_linear_por_partes.pdf): PDF
 inclusion: found PDF version <1.5>, but at most version <1.4> allowed
<figuras/pdf/funcao_linear_por_partes.pdf, id=456, 301.125pt x 210.7875pt>
File: figuras/pdf/funcao_linear_por_partes.pdf Graphic file (type pdf)

<use figuras/pdf/funcao_linear_por_partes.pdf> [6 <./figuras/pdf/funcao_linear_
por_partes.pdf>]

pdfTeX warning: pdflatex (file ./figuras/pdf/curva.pdf): PDF inclusion: found P
DF version <1.5>, but at most version <1.4> allowed
<figuras/pdf/curva.pdf, id=497, 361.35pt x 216.81pt>
File: figuras/pdf/curva.pdf Graphic file (type pdf)

<use figuras/pdf/curva.pdf>

pdfTeX warning: pdflatex (file ./figuras/pdf/curva_aproximada.pdf): PDF inclusi
on: found PDF version <1.5>, but at most version <1.4> allowed
<figuras/pdf/curva_aproximada.pdf, id=499, 361.35pt x 216.81pt>
File: figuras/pdf/curva_aproximada.pdf Graphic file (type pdf)

<use figuras/pdf/curva_aproximada.pdf>
LaTeX Font Info:    Font shape `OMS/cmr/m/n' in size <12> not available
(Font)              Font shape `OMS/cmsy/m/n' tried instead on input line 324.
 [7 <./figuras/pdf/curva.pdf> <./figuras/pdf/curva_aproximada.pdf>] [8]) (./cap
-spp.tex [9] [10

]
Cap\'{\i }tulo 2.
<figuras/pdf/spp_custo1.pdf, id=562, 164.19342pt x 164.87598pt>
File: figuras/pdf/spp_custo1.pdf Graphic file (type pdf)

<use figuras/pdf/spp_custo1.pdf>
<figuras/pdf/spp_custo2.pdf, id=563, 163.79292pt x 164.87598pt>
File: figuras/pdf/spp_custo2.pdf Graphic file (type pdf)

<use figuras/pdf/spp_custo2.pdf> [11]
LaTeX Font Info:    Font shape `OMS/cmr/m/sl' in size <12> not available
(Font)              Font shape `OMS/cmsy/m/n' tried instead on input line 88.
 [12 <./figuras/pdf/spp_custo1.pdf> <./figuras/pdf/spp_custo2.pdf>]
<figuras/pdf/spp_potencial1.pdf, id=599, 175.95135pt x 177.60654pt>
File: figuras/pdf/spp_potencial1.pdf Graphic file (type pdf)

<use figuras/pdf/spp_potencial1.pdf> [13 <./figuras/pdf/spp_potencial1.pdf>]
<figuras/pdf/spp_potencial2.pdf, id=617, 175.95135pt x 177.60654pt>
File: figuras/pdf/spp_potencial2.pdf Graphic file (type pdf)

<use figuras/pdf/spp_potencial2.pdf> [14 <./figuras/pdf/spp_potencial2.pdf>]
<figuras/pdf/spp_predecessores1.pdf, id=631, 158.79324pt x 158.43091pt>
File: figuras/pdf/spp_predecessores1.pdf Graphic file (type pdf)

<use figuras/pdf/spp_predecessores1.pdf>
<figuras/pdf/spp_predecessores2.pdf, id=632, 152.04704pt x 153.04779pt>
File: figuras/pdf/spp_predecessores2.pdf Graphic file (type pdf)

<use figuras/pdf/spp_predecessores2.pdf> [15 <./figuras/pdf/spp_predecessores1.
pdf> <./figuras/pdf/spp_predecessores2.pdf>] [16] [17]
<figuras/pdf/spp_dijkstra1.pdf, id=675, 177.05447pt x 203.3718pt>
File: figuras/pdf/spp_dijkstra1.pdf Graphic file (type pdf)

<use figuras/pdf/spp_dijkstra1.pdf>
<figuras/pdf/spp_dijkstra2.pdf, id=676, 177.05447pt x 203.3718pt>
File: figuras/pdf/spp_dijkstra2.pdf Graphic file (type pdf)

<use figuras/pdf/spp_dijkstra2.pdf>
<figuras/pdf/spp_dijkstra3.pdf, id=677, 177.05447pt x 203.3718pt>
File: figuras/pdf/spp_dijkstra3.pdf Graphic file (type pdf)

<use figuras/pdf/spp_dijkstra3.pdf>
<figuras/pdf/spp_dijkstra4.pdf, id=678, 177.05447pt x 203.3718pt>
File: figuras/pdf/spp_dijkstra4.pdf Graphic file (type pdf)

<use figuras/pdf/spp_dijkstra4.pdf>
<figuras/pdf/spp_dijkstra5.pdf, id=679, 177.05447pt x 203.3718pt>
File: figuras/pdf/spp_dijkstra5.pdf Graphic file (type pdf)

<use figuras/pdf/spp_dijkstra5.pdf>
<figuras/pdf/spp_dijkstra6.pdf, id=680, 177.05447pt x 203.3718pt>
File: figuras/pdf/spp_dijkstra6.pdf Graphic file (type pdf)

<use figuras/pdf/spp_dijkstra6.pdf> [18 <./figuras/pdf/spp_dijkstra1.pdf> <./fi
guras/pdf/spp_dijkstra2.pdf> <./figuras/pdf/spp_dijkstra3.pdf> <./figuras/pdf/s
pp_dijkstra4.pdf>]
<figuras/pdf/spp_dijkstra7.pdf, id=713, 177.05447pt x 203.3718pt>
File: figuras/pdf/spp_dijkstra7.pdf Graphic file (type pdf)

<use figuras/pdf/spp_dijkstra7.pdf>
<figuras/pdf/spp_dijkstra8.pdf, id=714, 177.05447pt x 203.77129pt>
File: figuras/pdf/spp_dijkstra8.pdf Graphic file (type pdf)

<use figuras/pdf/spp_dijkstra8.pdf>
<figuras/pdf/spp_dijkstra9.pdf, id=715, 177.05447pt x 203.77129pt>
File: figuras/pdf/spp_dijkstra9.pdf Graphic file (type pdf)

<use figuras/pdf/spp_dijkstra9.pdf>
<figuras/pdf/spp_dijkstra10.pdf, id=716, 177.05447pt x 203.77129pt>
File: figuras/pdf/spp_dijkstra10.pdf Graphic file (type pdf)

<use figuras/pdf/spp_dijkstra10.pdf>
<figuras/pdf/spp_dijkstra11.pdf, id=717, 175.95135pt x 203.77129pt>
File: figuras/pdf/spp_dijkstra11.pdf Graphic file (type pdf)

<use figuras/pdf/spp_dijkstra11.pdf>
<figuras/pdf/spp_dijkstra12.pdf, id=718, 175.95135pt x 203.3718pt>
File: figuras/pdf/spp_dijkstra12.pdf Graphic file (type pdf)

<use figuras/pdf/spp_dijkstra12.pdf> [19 <./figuras/pdf/spp_dijkstra5.pdf> <./f
iguras/pdf/spp_dijkstra6.pdf> <./figuras/pdf/spp_dijkstra7.pdf> <./figuras/pdf/
spp_dijkstra8.pdf> <./figuras/pdf/spp_dijkstra9.pdf> <./figuras/pdf/spp_dijkstr
a10.pdf>] <figuras/pdf/spp_dijkstra13.pdf, id=766, 176.35184pt x 203.3718pt>
File: figuras/pdf/spp_dijkstra13.pdf Graphic file (type pdf)

<use figuras/pdf/spp_dijkstra13.pdf>
<figuras/pdf/spp_dijkstra14.pdf, id=767, 176.35184pt x 203.3718pt>
File: figuras/pdf/spp_dijkstra14.pdf Graphic file (type pdf)

<use figuras/pdf/spp_dijkstra14.pdf>
<figuras/pdf/spp_dijkstra15.pdf, id=768, 176.35184pt x 203.3718pt>
File: figuras/pdf/spp_dijkstra15.pdf Graphic file (type pdf)

<use figuras/pdf/spp_dijkstra15.pdf>
<figuras/pdf/spp_dijkstra16.pdf, id=769, 176.35184pt x 203.3718pt>
File: figuras/pdf/spp_dijkstra16.pdf Graphic file (type pdf)

<use figuras/pdf/spp_dijkstra16.pdf>
<figuras/pdf/spp_dijkstra17.pdf, id=770, 176.35184pt x 203.3718pt>
File: figuras/pdf/spp_dijkstra17.pdf Graphic file (type pdf)

<use figuras/pdf/spp_dijkstra17.pdf>
<figuras/pdf/spp_dijkstra18.pdf, id=771, 176.35184pt x 203.3718pt>
File: figuras/pdf/spp_dijkstra18.pdf Graphic file (type pdf)

<use figuras/pdf/spp_dijkstra18.pdf> [20 <./figuras/pdf/spp_dijkstra11.pdf> <./
figuras/pdf/spp_dijkstra12.pdf> <./figuras/pdf/spp_dijkstra13.pdf> <./figuras/p
df/spp_dijkstra14.pdf> <./figuras/pdf/spp_dijkstra15.pdf> <./figuras/pdf/spp_di
jkstra16.pdf>] [21 <./figuras/pdf/spp_dijkstra17.pdf> <./figuras/pdf/spp_dijkst
ra18.pdf>] [22]
LaTeX Font Info:    Try loading font information for T1+cmss on input line 639.

 (/usr/share/texmf-texlive/tex/latex/base/t1cmss.fd
File: t1cmss.fd 1999/05/25 v2.5h Standard LaTeX font definitions
)

LaTeX Font Warning: Font shape `T1/cmss/m/sc' in size <12> not available
(Font)              Font shape `T1/cmr/m/sc' tried instead on input line 639.


Overfull \hbox (49.62408pt too wide) in paragraph at lines 633--646
[] 
 []

[23] [24]) (./cap-rcsp/cap.tex [25] [26

]
Cap\'{\i }tulo 3.
(./cap-rcsp/sec-definicao.tex) (./cap-rcsp/sec-historico.tex [27]

Package natbib Warning: Citation `dumitrescu:01' on page 28 undefined on input 
line 83.

) (./cap-rcsp/sec-complexidade.tex [28] [29]
<figuras/pdf/reducao_mochila.pdf, id=973, 364.39436pt x 51.14307pt>
File: figuras/pdf/reducao_mochila.pdf Graphic file (type pdf)

<use figuras/pdf/reducao_mochila.pdf>) (./cap-rcsp/sec-preprocessamento.tex
[30 <./figuras/pdf/reducao_mochila.pdf>]) (./cap-rcsp/sec-dinamica.tex [31]
[32] [33] [34] <figuras/pdf/pd2.pdf, id=1046, 457.48718pt x 409.34329pt>
File: figuras/pdf/pd2.pdf Graphic file (type pdf)

<use figuras/pdf/pd2.pdf>

LaTeX Warning: `!h' float specifier changed to `!ht'.

[35] [36 <./figuras/pdf/pd2.pdf>] [37]

LaTeX Warning: `!h' float specifier changed to `!ht'.

[38] [39]

pdfTeX warning: pdflatex (file ./figuras/plot/step-function.pdf): PDF inclusion
: found PDF version <1.5>, but at most version <1.4> allowed
<figuras/plot/step-function.pdf, id=1104, 361.35pt x 216.81pt>
File: figuras/plot/step-function.pdf Graphic file (type pdf)

<use figuras/plot/step-function.pdf>

LaTeX Warning: `!h' float specifier changed to `!ht'.

[40]) (./cap-rcsp/sec-aproximacao.tex

Package hyperref Warning: Token not allowed in a PDF string (PDFDocEncoding):
(hyperref)                removing `math shift' on input line 1.


Package hyperref Warning: Token not allowed in a PDF string (PDFDocEncoding):
(hyperref)                removing `\epsilon' on input line 1.


Package hyperref Warning: Token not allowed in a PDF string (PDFDocEncoding):
(hyperref)                removing `math shift' on input line 1.

[41 <./figuras/plot/step-function.pdf>] [42]) (./cap-rcsp/sec-kshortest.tex)
(./cap-rcsp/sec-lagrangeana.tex [43] [44] [45] [46] [47]

pdfTeX warning: pdflatex (file ./figuras/pdf/grafo_lagrangeana.pdf): PDF inclus
ion: found PDF version <1.5>, but at most version <1.4> allowed
<figuras/pdf/grafo_lagrangeana.pdf, id=1185, 616.3025pt x 558.085pt>
File: figuras/pdf/grafo_lagrangeana.pdf Graphic file (type pdf)

<use figuras/pdf/grafo_lagrangeana.pdf>

pdfTeX warning: pdflatex (file ./figuras/pdf/zang1a.pdf): PDF inclusion: found 
PDF version <1.5>, but at most version <1.4> allowed
<figuras/pdf/zang1a.pdf, id=1187, 616.3025pt x 558.085pt>
File: figuras/pdf/zang1a.pdf Graphic file (type pdf)

<use figuras/pdf/zang1a.pdf>

pdfTeX warning: pdflatex (file ./figuras/pdf/zang1b.pdf): PDF inclusion: found 
PDF version <1.5>, but at most version <1.4> allowed
<figuras/pdf/zang1b.pdf, id=1189, 361.35pt x 216.81pt>
File: figuras/pdf/zang1b.pdf Graphic file (type pdf)

<use figuras/pdf/zang1b.pdf>

LaTeX Warning: `!h' float specifier changed to `!ht'.



pdfTeX warning: pdflatex (file ./figuras/pdf/zang2a.pdf): PDF inclusion: found 
PDF version <1.5>, but at most version <1.4> allowed
<figuras/pdf/zang2a.pdf, id=1191, 616.3025pt x 558.085pt>
File: figuras/pdf/zang2a.pdf Graphic file (type pdf)

<use figuras/pdf/zang2a.pdf>

pdfTeX warning: pdflatex (file ./figuras/pdf/zang2b.pdf): PDF inclusion: found 
PDF version <1.5>, but at most version <1.4> allowed
<figuras/pdf/zang2b.pdf, id=1193, 361.35pt x 216.81pt>
File: figuras/pdf/zang2b.pdf Graphic file (type pdf)

<use figuras/pdf/zang2b.pdf>

LaTeX Warning: `!h' float specifier changed to `!ht'.



pdfTeX warning: pdflatex (file ./figuras/pdf/zang3a.pdf): PDF inclusion: found 
PDF version <1.5>, but at most version <1.4> allowed
<figuras/pdf/zang3a.pdf, id=1195, 616.3025pt x 558.085pt>
File: figuras/pdf/zang3a.pdf Graphic file (type pdf)

<use figuras/pdf/zang3a.pdf>

pdfTeX warning: pdflatex (file ./figuras/pdf/zang3b.pdf): PDF inclusion: found 
PDF version <1.5>, but at most version <1.4> allowed
<figuras/pdf/zang3b.pdf, id=1197, 361.35pt x 216.81pt>
File: figuras/pdf/zang3b.pdf Graphic file (type pdf)

<use figuras/pdf/zang3b.pdf>

LaTeX Warning: `!h' float specifier changed to `!ht'.



pdfTeX warning: pdflatex (file ./figuras/pdf/zang6a.pdf): PDF inclusion: found 
PDF version <1.5>, but at most version <1.4> allowed
<figuras/pdf/zang6a.pdf, id=1199, 616.3025pt x 558.085pt>
File: figuras/pdf/zang6a.pdf Graphic file (type pdf)

<use figuras/pdf/zang6a.pdf>

pdfTeX warning: pdflatex (file ./figuras/pdf/zang6b.pdf): PDF inclusion: found 
PDF version <1.5>, but at most version <1.4> allowed
<figuras/pdf/zang6b.pdf, id=1201, 361.35pt x 216.81pt>
File: figuras/pdf/zang6b.pdf Graphic file (type pdf)

<use figuras/pdf/zang6b.pdf>

LaTeX Warning: `!h' float specifier changed to `!ht'.



pdfTeX warning: pdflatex (file ./figuras/pdf/zang7a.pdf): PDF inclusion: found 
PDF version <1.5>, but at most version <1.4> allowed
<figuras/pdf/zang7a.pdf, id=1203, 616.3025pt x 558.085pt>
File: figuras/pdf/zang7a.pdf Graphic file (type pdf)

<use figuras/pdf/zang7a.pdf>

pdfTeX warning: pdflatex (file ./figuras/pdf/zang7b.pdf): PDF inclusion: found 
PDF version <1.5>, but at most version <1.4> allowed
<figuras/pdf/zang7b.pdf, id=1205, 361.35pt x 216.81pt>
File: figuras/pdf/zang7b.pdf Graphic file (type pdf)

<use figuras/pdf/zang7b.pdf>

LaTeX Warning: `!h' float specifier changed to `!ht'.



pdfTeX warning: pdflatex (file ./figuras/pdf/zang8a.pdf): PDF inclusion: found 
PDF version <1.5>, but at most version <1.4> allowed
<figuras/pdf/zang8a.pdf, id=1207, 616.3025pt x 558.085pt>
File: figuras/pdf/zang8a.pdf Graphic file (type pdf)

<use figuras/pdf/zang8a.pdf>

pdfTeX warning: pdflatex (file ./figuras/pdf/zang8b.pdf): PDF inclusion: found 
PDF version <1.5>, but at most version <1.4> allowed
<figuras/pdf/zang8b.pdf, id=1209, 361.35pt x 216.81pt>
File: figuras/pdf/zang8b.pdf Graphic file (type pdf)

<use figuras/pdf/zang8b.pdf>

LaTeX Warning: `!h' float specifier changed to `!ht'.



pdfTeX warning: pdflatex (file ./figuras/pdf/zang9a.pdf): PDF inclusion: found 
PDF version <1.5>, but at most version <1.4> allowed
<figuras/pdf/zang9a.pdf, id=1211, 616.3025pt x 558.085pt>
File: figuras/pdf/zang9a.pdf Graphic file (type pdf)

<use figuras/pdf/zang9a.pdf>

pdfTeX warning: pdflatex (file ./figuras/pdf/zang9b.pdf): PDF inclusion: found 
PDF version <1.5>, but at most version <1.4> allowed
<figuras/pdf/zang9b.pdf, id=1213, 361.35pt x 216.81pt>
File: figuras/pdf/zang9b.pdf Graphic file (type pdf)

<use figuras/pdf/zang9b.pdf>

LaTeX Warning: `!h' float specifier changed to `!ht'.



pdfTeX warning: pdflatex (file ./figuras/pdf/zang10a.pdf): PDF inclusion: found
 PDF version <1.5>, but at most version <1.4> allowed
<figuras/pdf/zang10a.pdf, id=1215, 616.3025pt x 558.085pt>
File: figuras/pdf/zang10a.pdf Graphic file (type pdf)

<use figuras/pdf/zang10a.pdf>

pdfTeX warning: pdflatex (file ./figuras/pdf/zang10b.pdf): PDF inclusion: found
 PDF version <1.5>, but at most version <1.4> allowed
<figuras/pdf/zang10b.pdf, id=1217, 361.35pt x 216.81pt>
File: figuras/pdf/zang10b.pdf Graphic file (type pdf)

<use figuras/pdf/zang10b.pdf>

LaTeX Warning: `!h' float specifier changed to `!ht'.



pdfTeX warning: pdflatex (file ./figuras/pdf/zang11a.pdf): PDF inclusion: found
 PDF version <1.5>, but at most version <1.4> allowed
<figuras/pdf/zang11a.pdf, id=1219, 616.3025pt x 558.085pt>
File: figuras/pdf/zang11a.pdf Graphic file (type pdf)

<use figuras/pdf/zang11a.pdf>

pdfTeX warning: pdflatex (file ./figuras/pdf/zang11b.pdf): PDF inclusion: found
 PDF version <1.5>, but at most version <1.4> allowed
<figuras/pdf/zang11b.pdf, id=1221, 361.35pt x 216.81pt>
File: figuras/pdf/zang11b.pdf Graphic file (type pdf)

<use figuras/pdf/zang11b.pdf>

LaTeX Warning: `!h' float specifier changed to `!ht'.

)) (./cap-experimentos.tex [48] [49 <./figuras/pdf/grafo_lagrangeana.pdf>]
[50 <./figuras/pdf/zang1a.pdf> <./figuras/pdf/zang1b.pdf>] [51 <./figuras/pdf/z
ang2a.pdf> <./figuras/pdf/zang2b.pdf>] [52 <./figuras/pdf/zang3a.pdf> <./figura
s/pdf/zang3b.pdf>] [53 <./figuras/pdf/zang6a.pdf> <./figuras/pdf/zang6b.pdf>]
[54 <./figuras/pdf/zang7a.pdf> <./figuras/pdf/zang7b.pdf>] [55 <./figuras/pdf/z
ang8a.pdf> <./figuras/pdf/zang8b.pdf>] [56 <./figuras/pdf/zang9a.pdf> <./figura
s/pdf/zang9b.pdf>] [57 <./figuras/pdf/zang10a.pdf> <./figuras/pdf/zang10b.pdf>]
[58 <./figuras/pdf/zang11a.pdf> <./figuras/pdf/zang11b.pdf>]
Cap\'{\i }tulo 4.
[59

] [60] [61]

pdfTeX warning: pdflatex (file ./figuras/pdf/bc_tempo.pdf): PDF inclusion: foun
d PDF version <1.5>, but at most version <1.4> allowed
<figuras/pdf/bc_tempo.pdf, id=1449, 361.35pt x 216.81pt>
File: figuras/pdf/bc_tempo.pdf Graphic file (type pdf)

<use figuras/pdf/bc_tempo.pdf>

pdfTeX warning: pdflatex (file ./figuras/pdf/bc_memoria.pdf): PDF inclusion: fo
und PDF version <1.5>, but at most version <1.4> allowed
<figuras/pdf/bc_memoria.pdf, id=1451, 361.35pt x 216.81pt>
File: figuras/pdf/bc_memoria.pdf Graphic file (type pdf)

<use figuras/pdf/bc_memoria.pdf>

LaTeX Warning: `!h' float specifier changed to `!ht'.


LaTeX Warning: `!h' float specifier changed to `!ht'.


LaTeX Warning: `!h' float specifier changed to `!ht'.



pdfTeX warning: pdflatex (file ./figuras/plot/bc/curva_tempo.pdf): PDF inclusio
n: found PDF version <1.5>, but at most version <1.4> allowed
<figuras/plot/bc/curva_tempo.pdf, id=1453, 361.35pt x 216.81pt>
File: figuras/plot/bc/curva_tempo.pdf Graphic file (type pdf)

<use figuras/plot/bc/curva_tempo.pdf>

pdfTeX warning: pdflatex (file ./figuras/plot/bc/curva_memoria.pdf): PDF inclus
ion: found PDF version <1.5>, but at most version <1.4> allowed
<figuras/plot/bc/curva_memoria.pdf, id=1455, 361.35pt x 216.81pt>
File: figuras/plot/bc/curva_memoria.pdf Graphic file (type pdf)

<use figuras/plot/bc/curva_memoria.pdf>

LaTeX Warning: `!h' float specifier changed to `!ht'.

) [62]

LaTeX Warning: Text page 63 contains only floats.

[63 <./figuras/pdf/bc_tempo.pdf> <./figuras/pdf/bc_memoria.pdf>] [64 <./figuras
/plot/bc/curva_tempo.pdf> <./figuras/plot/bc/curva_memoria.pdf>]
\openout2 = `ape-conjuntos.aux'.


(./ape-conjuntos.tex) (./dissertacao.bbl (./dissertacao.brf)
\tf@brf=\write9
\openout9 = `dissertacao.brf'.

 [65




]
LaTeX Font Info:    Try loading font information for T1+pcr on input line 149.

(/usr/share/texmf-texlive/tex/latex/psnfss/t1pcr.fd
File: t1pcr.fd 2001/06/04 font definitions for T1/pcr.
) [66] [67])
(./cap-indice.tex) [68]

Package natbib Warning: There were undefined citations.

(./dissertacao.aux (./ape-conjuntos.aux))

LaTeX Warning: There were multiply-defined labels.

 ) 
Here is how much of TeX's memory you used:
 11169 strings out of 493848
 161447 string characters out of 1152823
 296540 words of memory out of 3000000
 13830 multiletter control sequences out of 15000+50000
 36514 words of font info for 92 fonts, out of 3000000 for 9000
 719 hyphenation exceptions out of 8191
 38i,14n,44p,561b,513s stack positions out of 5000i,500n,10000p,200000b,50000s
{/usr/share/texmf-texlive/fonts/enc/dvips/base/8r.enc}{/usr/share/texmf/fonts
/enc/dvips/cm-super/cm-super-t1.enc}</usr/share/texmf-texlive/fonts/type1/publi
c/amsfonts/cm/cmex10.pfb></usr/share/texmf-texlive/fonts/type1/public/amsfonts/
cm/cmmi10.pfb></usr/share/texmf-texlive/fonts/type1/public/amsfonts/cm/cmmi12.p
fb></usr/share/texmf-texlive/fonts/type1/public/amsfonts/cm/cmmi6.pfb></usr/sha
re/texmf-texlive/fonts/type1/public/amsfonts/cm/cmmi7.pfb></usr/share/texmf-tex
live/fonts/type1/public/amsfonts/cm/cmmi8.pfb></usr/share/texmf-texlive/fonts/t
ype1/public/amsfonts/cm/cmr10.pfb></usr/share/texmf-texlive/fonts/type1/public/
amsfonts/cm/cmr12.pfb></usr/share/texmf-texlive/fonts/type1/public/amsfonts/cm/
cmr6.pfb></usr/share/texmf-texlive/fonts/type1/public/amsfonts/cm/cmr7.pfb></us
r/share/texmf-texlive/fonts/type1/public/amsfonts/cm/cmr8.pfb></usr/share/texmf
-texlive/fonts/type1/public/amsfonts/cm/cmsy10.pfb></usr/share/texmf-texlive/fo
nts/type1/public/amsfonts/cm/cmsy6.pfb></usr/share/texmf-texlive/fonts/type1/pu
blic/amsfonts/cm/cmsy8.pfb></usr/share/texmf-texlive/fonts/type1/public/amsfont
s/latxfont/lasy10.pfb></usr/share/texmf-texlive/fonts/type1/public/amsfonts/sym
bols/msbm10.pfb></usr/share/texmf/fonts/type1/public/cm-super/sfbi1095.pfb></us
r/share/texmf/fonts/type1/public/cm-super/sfbl1200.pfb></usr/share/texmf/fonts/
type1/public/cm-super/sfbx1095.pfb></usr/share/texmf/fonts/type1/public/cm-supe
r/sfbx1200.pfb></usr/share/texmf/fonts/type1/public/cm-super/sfbx1440.pfb></usr
/share/texmf/fonts/type1/public/cm-super/sfbx1728.pfb></usr/share/texmf/fonts/t
ype1/public/cm-super/sfbx2488.pfb></usr/share/texmf/fonts/type1/public/cm-super
/sfcc1000.pfb></usr/share/texmf/fonts/type1/public/cm-super/sfcc1095.pfb></usr/
share/texmf/fonts/type1/public/cm-super/sfcc1200.pfb></usr/share/texmf/fonts/ty
pe1/public/cm-super/sfcc1728.pfb></usr/share/texmf/fonts/type1/public/cm-super/
sfrm0700.pfb></usr/share/texmf/fonts/type1/public/cm-super/sfrm0800.pfb></usr/s
hare/texmf/fonts/type1/public/cm-super/sfrm1000.pfb></usr/share/texmf/fonts/typ
e1/public/cm-super/sfrm1200.pfb></usr/share/texmf/fonts/type1/public/cm-super/s
frm1728.pfb></usr/share/texmf/fonts/type1/public/cm-super/sfsl1200.pfb></usr/sh
are/texmf/fonts/type1/public/cm-super/sfti1000.pfb></usr/share/texmf/fonts/type
1/public/cm-super/sfti1095.pfb></usr/share/texmf/fonts/type1/public/cm-super/sf
ti1200.pfb></usr/share/texmf-texlive/fonts/type1/urw/courier/ucrr8a.pfb>
Output written on dissertacao.pdf (86 pages, 1412180 bytes).
PDF statistics:
 1789 PDF objects out of 2073 (max. 8388607)
 244 named destinations out of 1000 (max. 500000)
 596 words of extra memory for PDF output out of 10000 (max. 10000000)

