\BOOKMARK [0][-]{pretexto.0}{Elementos Pr\351-Textuais}{}
\BOOKMARK [1][-]{pretexto.1.1}{Capa}{pretexto.0}
\BOOKMARK [1][-]{pretexto.2.1}{Publica\347\343o}{pretexto.0}
\BOOKMARK [1][-]{pretexto.3.1}{Folha de Rosto}{pretexto.0}
\BOOKMARK [1][-]{pretexto.4.1}{Aprova\347\343o}{pretexto.0}
\BOOKMARK [1][-]{pretexto.5.1}{Direitos Autorais}{pretexto.0}
\BOOKMARK [1][-]{pretexto.6.1}{Dedicat\363ria}{pretexto.0}
\BOOKMARK [1][-]{pretexto.7.1}{Agradecimentos}{pretexto.0}
\BOOKMARK [1][-]{pretexto.10.1}{Ep\355grafe}{pretexto.0}
\BOOKMARK [1][-]{pretexto.8.1}{Resumo}{pretexto.0}
\BOOKMARK [1][-]{pretexto.9.1}{Abstract}{pretexto.0}
\BOOKMARK [0][-]{sumario.0}{Sum\341rio}{}
\BOOKMARK [0][-]{section*.1}{Lista de Figuras}{}
\BOOKMARK [0][-]{chapter.2}{1 Introdu\347\343o}{}
\BOOKMARK [0][-]{chapter.4}{2 O Problema do Caminho M\355nimo e Suas Variantes}{}
\BOOKMARK [1][-]{section.5}{2.1 O Problema do Caminho M\355nimo com Restri\347\343o de Recursos}{chapter.4}
\BOOKMARK [1][-]{section.7}{2.2 O Problema do Caminho Evitando Pares Proibidos}{chapter.4}
\BOOKMARK [1][-]{section.8}{2.3 O Problema do Caminho Mais Longo}{chapter.4}
\BOOKMARK [1][-]{section.9}{2.4 O Problema do Caminho M\355nimo com Restri\347\343o de Subcaminhos}{chapter.4}
\BOOKMARK [0][-]{chapter.10}{3 Problema do Caminho M\355nimo com Restri\347\343o de Subcaminhos de Comprimento Dois}{}
\BOOKMARK [1][-]{section.13}{3.1 Modelagem 1}{chapter.10}
\BOOKMARK [2][-]{subsection.20}{3.1.1 An\341lise}{section.13}
\BOOKMARK [1][-]{section.21}{3.2 Modelagem 2}{chapter.10}
\BOOKMARK [2][-]{subsection.25}{3.2.1 An\341lise}{section.21}
\BOOKMARK [1][-]{section.26}{3.3 Modelagem 3}{chapter.10}
\BOOKMARK [2][-]{subsection.31}{3.3.1 An\341lise}{section.26}
\BOOKMARK [1][-]{section.35}{3.4 Modelagem 4}{chapter.10}
\BOOKMARK [2][-]{subsection.40}{3.4.1 An\341lise}{section.35}
\BOOKMARK [0][-]{chapter.41}{4 Conclus\343o}{}
\BOOKMARK [1][-]{section.44}{4.1 Compara\347\365es com Resultados de um Caso de Teste}{chapter.41}
\BOOKMARK [1][-]{section.47}{4.2 Trabalhos Futuros}{chapter.41}
\BOOKMARK [0][-]{section*.48}{Refer\352ncias Bibliogr\341ficas}{}
