This is pdfeTeX, Version 3.141592-1.30.5-2.2 (Web2C 7.5.5) (format=latex 2007.5.17)  6 SEP 2007 08:53
entering extended mode
**projeto.tex
(/usr/share/texmf-texlive/tex/latex/tools/x.tex
LaTeX2e <2003/12/01>
Babel <v3.8g> and hyphenation patterns for english, usenglishmax, dumylang, noh
yphenation, croatian, ukrainian, russian, bulgarian, czech, slovak, danish, dut
ch, finnish, french, basque, german, ngerman, greek, monogreek, ancientgreek, i
bycus, hungarian, italian, latin, mongolian, norsk, slovene, estonian, welsh, i
nterlingua, icelandic, uppersorbian, romanian, indonesian, coptic, turkish, ser
bian, polish, portuguese, spanish, catalan, swedish, ukenglish, pinyin, loaded.


! .
l.33   \batchmode \errmessage{}
                               \csname @@end\endcsname \end
This error message was generated by an \errmessage
command, so I can't give any explicit help.
Pretend that you're Hercule Poirot: Examine all clues,
and deduce the truth by order and method.

 ) 
Here is how much of TeX's memory you used:
 7 strings out of 94307
 244 string characters out of 1171513
 47601 words of memory out of 1000000
 3332 multiletter control sequences out of 10000+50000
 3640 words of font info for 14 fonts, out of 500000 for 2000
 647 hyphenation exceptions out of 8191
 5i,0n,1p,91b,8s stack positions out of 1500i,500n,5000p,200000b,5000s

No pages of output.
