This is pdfTeX, Version 3.1415926-1.40.10 (TeX Live 2009/Debian) (format=pdflatex 2012.6.20)  14 NOV 2012 12:10
entering extended mode
 %&-line parsing enabled.
**joel_pres.tex
(./joel_pres.tex
LaTeX2e <2009/09/24>
Babel <v3.8l> and hyphenation patterns for english, usenglishmax, dumylang, noh
yphenation, farsi, arabic, croatian, bulgarian, ukrainian, russian, czech, slov
ak, danish, dutch, finnish, french, basque, ngerman, german, german-x-2009-06-1
9, ngerman-x-2009-06-19, ibycus, monogreek, greek, ancientgreek, hungarian, san
skrit, italian, latin, latvian, lithuanian, mongolian2a, mongolian, bokmal, nyn
orsk, romanian, irish, coptic, serbian, turkish, welsh, esperanto, uppersorbian
, estonian, indonesian, interlingua, icelandic, kurmanji, slovenian, polish, po
rtuguese, spanish, galician, catalan, swedish, ukenglish, pinyin, loaded.
(/usr/share/texmf/tex/latex/beamer/base/beamer.cls
(/usr/share/texmf/tex/latex/beamer/base/beamerbasercs.sty
Package: beamerbasercs 2010/06/12 (rcs-revision c3821710bb40)
)
Document Class: beamer 2010/06/21 development version 3.10 A class for typesett
ing presentations (rcs-revision a6b1a8434d30)
(/usr/share/texmf/tex/latex/beamer/base/beamerbasemodes.sty
Package: beamerbasemodes 2010/05/01 (rcs-revision efa082c6111d)
\beamer@tempbox=\box26
\beamer@tempcount=\count79
\c@beamerpauses=\count80

(/usr/share/texmf/tex/latex/beamer/base/beamerbasedecode.sty
Package: beamerbasedecode 2010/05/01 (rcs-revision efa082c6111d)
\beamer@slideinframe=\count81
\beamer@minimum=\count82
)
\beamer@commentbox=\box27
\beamer@modecount=\count83
)
\headheight=\dimen102
\headdp=\dimen103
\footheight=\dimen104
\sidebarheight=\dimen105
\beamer@tempdim=\dimen106
\beamer@finalheight=\dimen107
\beamer@animht=\dimen108
\beamer@animdp=\dimen109
\beamer@animwd=\dimen110
\beamer@leftmargin=\dimen111
\beamer@rightmargin=\dimen112
\beamer@leftsidebar=\dimen113
\beamer@rightsidebar=\dimen114
\beamer@boxsize=\dimen115
\beamer@vboxoffset=\dimen116
\beamer@descdefault=\dimen117
\beamer@descriptionwidth=\dimen118
\beamer@lastskip=\skip41
\beamer@areabox=\box28
\beamer@animcurrent=\box29
\beamer@animshowbox=\box30
\beamer@sectionbox=\box31
\beamer@logobox=\box32
\beamer@linebox=\box33
\beamer@sectioncount=\count84
\beamer@subsubsectionmax=\count85
\beamer@subsectionmax=\count86
\beamer@sectionmax=\count87
\beamer@totalheads=\count88
\beamer@headcounter=\count89
\beamer@partstartpage=\count90
\beamer@sectionstartpage=\count91
\beamer@subsectionstartpage=\count92
\beamer@animationtempa=\count93
\beamer@animationtempb=\count94
\beamer@xpos=\count95
\beamer@ypos=\count96
\beamer@showpartnumber=\count97
\beamer@currentsubsection=\count98
\beamer@coveringdepth=\count99
\beamer@sectionadjust=\count100
\beamer@tocsectionnumber=\count101

(/usr/share/texmf/tex/latex/beamer/base/beamerbaseoptions.sty
Package: beamerbaseoptions 2010/04/27 (rcs-revision 982469101dd6)

(/usr/share/texmf-texlive/tex/latex/graphics/keyval.sty
Package: keyval 1999/03/16 v1.13 key=value parser (DPC)
\KV@toks@=\toks14
))
\beamer@paperwidth=\skip42
\beamer@paperheight=\skip43

(/usr/share/texmf-texlive/tex/latex/geometry/geometry.sty
Package: geometry 2008/12/21 v4.2 Page Geometry

(/usr/share/texmf-texlive/tex/generic/oberdiek/ifpdf.sty
Package: ifpdf 2009/04/10 v2.0 Provides the ifpdf switch (HO)
Package ifpdf Info: pdfTeX in pdf mode detected.
)
(/usr/share/texmf-texlive/tex/generic/oberdiek/ifvtex.sty
Package: ifvtex 2008/11/04 v1.4 Switches for detecting VTeX and its modes (HO)
Package ifvtex Info: VTeX not detected.
)
\Gm@cnth=\count102
\Gm@cntv=\count103
\c@Gm@tempcnt=\count104
\Gm@bindingoffset=\dimen119
\Gm@wd@mp=\dimen120
\Gm@odd@mp=\dimen121
\Gm@even@mp=\dimen122
\Gm@dimlist=\toks15

(/usr/share/texmf-texlive/tex/xelatex/xetexconfig/geometry.cfg))
(/usr/share/texmf-texlive/tex/latex/base/size11.clo
File: size11.clo 2007/10/19 v1.4h Standard LaTeX file (size option)
)
(/usr/share/texmf/tex/latex/pgf/basiclayer/pgfcore.sty
(/usr/share/texmf-texlive/tex/latex/graphics/graphicx.sty
Package: graphicx 1999/02/16 v1.0f Enhanced LaTeX Graphics (DPC,SPQR)

(/usr/share/texmf-texlive/tex/latex/graphics/graphics.sty
Package: graphics 2009/02/05 v1.0o Standard LaTeX Graphics (DPC,SPQR)

(/usr/share/texmf-texlive/tex/latex/graphics/trig.sty
Package: trig 1999/03/16 v1.09 sin cos tan (DPC)
)
(/etc/texmf/tex/latex/config/graphics.cfg
File: graphics.cfg 2009/08/28 v1.8 graphics configuration of TeX Live
)
Package graphics Info: Driver file: pdftex.def on input line 91.

(/usr/share/texmf-texlive/tex/latex/pdftex-def/pdftex.def
File: pdftex.def 2010/03/12 v0.04p Graphics/color for pdfTeX
\Gread@gobject=\count105
))
\Gin@req@height=\dimen123
\Gin@req@width=\dimen124
)
(/usr/share/texmf/tex/latex/pgf/systemlayer/pgfsys.sty
(/usr/share/texmf/tex/latex/pgf/utilities/pgfrcs.sty
(/usr/share/texmf/tex/generic/pgf/utilities/pgfutil-common.tex
\pgfutil@everybye=\toks16
)
(/usr/share/texmf/tex/generic/pgf/utilities/pgfutil-latex.def
\pgfutil@abb=\box34

(/usr/share/texmf-texlive/tex/latex/ms/everyshi.sty
Package: everyshi 2001/05/15 v3.00 EveryShipout Package (MS)
))
(/usr/share/texmf/tex/generic/pgf/utilities/pgfrcs.code.tex
Package: pgfrcs 2010/10/25 v2.10 (rcs-revision 1.24)
))
(/usr/share/texmf/tex/generic/pgf/systemlayer/pgfsys.code.tex
Package: pgfsys 2010/06/30 v2.10 (rcs-revision 1.37)

(/usr/share/texmf/tex/generic/pgf/utilities/pgfkeys.code.tex
\pgfkeys@pathtoks=\toks17
\pgfkeys@temptoks=\toks18

(/usr/share/texmf/tex/generic/pgf/utilities/pgfkeysfiltered.code.tex
\pgfkeys@tmptoks=\toks19
))
\pgf@x=\dimen125
\pgf@y=\dimen126
\pgf@xa=\dimen127
\pgf@ya=\dimen128
\pgf@xb=\dimen129
\pgf@yb=\dimen130
\pgf@xc=\dimen131
\pgf@yc=\dimen132
\w@pgf@writea=\write3
\r@pgf@reada=\read1
\c@pgf@counta=\count106
\c@pgf@countb=\count107
\c@pgf@countc=\count108
\c@pgf@countd=\count109

(/usr/share/texmf/tex/generic/pgf/systemlayer/pgf.cfg
File: pgf.cfg 2008/05/14  (rcs-revision 1.7)
)
Package pgfsys Info: Driver file for pgf: pgfsys-pdftex.def on input line 900.

(/usr/share/texmf/tex/generic/pgf/systemlayer/pgfsys-pdftex.def
File: pgfsys-pdftex.def 2009/05/22  (rcs-revision 1.26)

(/usr/share/texmf/tex/generic/pgf/systemlayer/pgfsys-common-pdf.def
File: pgfsys-common-pdf.def 2008/05/19  (rcs-revision 1.10)
)))
(/usr/share/texmf/tex/generic/pgf/systemlayer/pgfsyssoftpath.code.tex
File: pgfsyssoftpath.code.tex 2008/07/18  (rcs-revision 1.7)
\pgfsyssoftpath@smallbuffer@items=\count110
\pgfsyssoftpath@bigbuffer@items=\count111
)
(/usr/share/texmf/tex/generic/pgf/systemlayer/pgfsysprotocol.code.tex
File: pgfsysprotocol.code.tex 2006/10/16  (rcs-revision 1.4)
))
(/usr/share/texmf/tex/latex/xcolor/xcolor.sty
Package: xcolor 2007/01/21 v2.11 LaTeX color extensions (UK)

(/etc/texmf/tex/latex/config/color.cfg
File: color.cfg 2007/01/18 v1.5 color configuration of teTeX/TeXLive
)
Package xcolor Info: Driver file: pdftex.def on input line 225.

(/usr/share/texmf-texlive/tex/latex/colortbl/colortbl.sty
Package: colortbl 2001/02/13 v0.1j Color table columns (DPC)

(/usr/share/texmf-texlive/tex/latex/tools/array.sty
Package: array 2008/09/09 v2.4c Tabular extension package (FMi)
\col@sep=\dimen133
\extrarowheight=\dimen134
\NC@list=\toks20
\extratabsurround=\skip44
\backup@length=\skip45
)
\everycr=\toks21
\minrowclearance=\skip46
)
\rownum=\count112
Package xcolor Info: Model `cmy' substituted by `cmy0' on input line 1337.
Package xcolor Info: Model `hsb' substituted by `rgb' on input line 1341.
Package xcolor Info: Model `RGB' extended on input line 1353.
Package xcolor Info: Model `HTML' substituted by `rgb' on input line 1355.
Package xcolor Info: Model `Hsb' substituted by `hsb' on input line 1356.
Package xcolor Info: Model `tHsb' substituted by `hsb' on input line 1357.
Package xcolor Info: Model `HSB' substituted by `hsb' on input line 1358.
Package xcolor Info: Model `Gray' substituted by `gray' on input line 1359.
Package xcolor Info: Model `wave' substituted by `hsb' on input line 1360.
)
(/usr/share/texmf/tex/generic/pgf/basiclayer/pgfcore.code.tex
Package: pgfcore 2010/04/11 v2.10 (rcs-revision 1.7)

(/usr/share/texmf/tex/generic/pgf/math/pgfmath.code.tex
(/usr/share/texmf/tex/generic/pgf/math/pgfmathcalc.code.tex
(/usr/share/texmf/tex/generic/pgf/math/pgfmathutil.code.tex)
(/usr/share/texmf/tex/generic/pgf/math/pgfmathparser.code.tex
\pgfmath@dimen=\dimen135
\pgfmath@count=\count113
\pgfmath@box=\box35
\pgfmath@toks=\toks22
\pgfmath@stack@operand=\toks23
\pgfmath@stack@operation=\toks24
)
(/usr/share/texmf/tex/generic/pgf/math/pgfmathfunctions.code.tex
(/usr/share/texmf/tex/generic/pgf/math/pgfmathfunctions.basic.code.tex)
(/usr/share/texmf/tex/generic/pgf/math/pgfmathfunctions.trigonometric.code.tex)
(/usr/share/texmf/tex/generic/pgf/math/pgfmathfunctions.random.code.tex)
(/usr/share/texmf/tex/generic/pgf/math/pgfmathfunctions.comparison.code.tex)
(/usr/share/texmf/tex/generic/pgf/math/pgfmathfunctions.base.code.tex)
(/usr/share/texmf/tex/generic/pgf/math/pgfmathfunctions.round.code.tex)
(/usr/share/texmf/tex/generic/pgf/math/pgfmathfunctions.misc.code.tex)))
(/usr/share/texmf/tex/generic/pgf/math/pgfmathfloat.code.tex
\c@pgfmathroundto@lastzeros=\count114
))
(/usr/share/texmf/tex/generic/pgf/basiclayer/pgfcorepoints.code.tex
File: pgfcorepoints.code.tex 2010/04/09  (rcs-revision 1.20)
\pgf@picminx=\dimen136
\pgf@picmaxx=\dimen137
\pgf@picminy=\dimen138
\pgf@picmaxy=\dimen139
\pgf@pathminx=\dimen140
\pgf@pathmaxx=\dimen141
\pgf@pathminy=\dimen142
\pgf@pathmaxy=\dimen143
\pgf@xx=\dimen144
\pgf@xy=\dimen145
\pgf@yx=\dimen146
\pgf@yy=\dimen147
\pgf@zx=\dimen148
\pgf@zy=\dimen149
)
(/usr/share/texmf/tex/generic/pgf/basiclayer/pgfcorepathconstruct.code.tex
File: pgfcorepathconstruct.code.tex 2010/08/03  (rcs-revision 1.24)
\pgf@path@lastx=\dimen150
\pgf@path@lasty=\dimen151
)
(/usr/share/texmf/tex/generic/pgf/basiclayer/pgfcorepathusage.code.tex
File: pgfcorepathusage.code.tex 2008/04/22  (rcs-revision 1.12)
\pgf@shorten@end@additional=\dimen152
\pgf@shorten@start@additional=\dimen153
)
(/usr/share/texmf/tex/generic/pgf/basiclayer/pgfcorescopes.code.tex
File: pgfcorescopes.code.tex 2010/09/08  (rcs-revision 1.34)
\pgfpic=\box36
\pgf@hbox=\box37
\pgf@layerbox@main=\box38
\pgf@picture@serial@count=\count115
)
(/usr/share/texmf/tex/generic/pgf/basiclayer/pgfcoregraphicstate.code.tex
File: pgfcoregraphicstate.code.tex 2008/04/22  (rcs-revision 1.9)
\pgflinewidth=\dimen154
)
(/usr/share/texmf/tex/generic/pgf/basiclayer/pgfcoretransformations.code.tex
File: pgfcoretransformations.code.tex 2009/06/10  (rcs-revision 1.11)
\pgf@pt@x=\dimen155
\pgf@pt@y=\dimen156
\pgf@pt@temp=\dimen157
)
(/usr/share/texmf/tex/generic/pgf/basiclayer/pgfcorequick.code.tex
File: pgfcorequick.code.tex 2008/10/09  (rcs-revision 1.3)
)
(/usr/share/texmf/tex/generic/pgf/basiclayer/pgfcoreobjects.code.tex
File: pgfcoreobjects.code.tex 2006/10/11  (rcs-revision 1.2)
)
(/usr/share/texmf/tex/generic/pgf/basiclayer/pgfcorepathprocessing.code.tex
File: pgfcorepathprocessing.code.tex 2008/10/09  (rcs-revision 1.8)
)
(/usr/share/texmf/tex/generic/pgf/basiclayer/pgfcorearrows.code.tex
File: pgfcorearrows.code.tex 2008/04/23  (rcs-revision 1.11)
)
(/usr/share/texmf/tex/generic/pgf/basiclayer/pgfcoreshade.code.tex
File: pgfcoreshade.code.tex 2008/11/23  (rcs-revision 1.13)
\pgf@max=\dimen158
\pgf@sys@shading@range@num=\count116
)
(/usr/share/texmf/tex/generic/pgf/basiclayer/pgfcoreimage.code.tex
File: pgfcoreimage.code.tex 2010/03/25  (rcs-revision 1.16)

(/usr/share/texmf/tex/generic/pgf/basiclayer/pgfcoreexternal.code.tex
File: pgfcoreexternal.code.tex 2010/09/01  (rcs-revision 1.17)
\pgfexternal@startupbox=\box39
))
(/usr/share/texmf/tex/generic/pgf/basiclayer/pgfcorelayers.code.tex
File: pgfcorelayers.code.tex 2010/08/27  (rcs-revision 1.2)
)
(/usr/share/texmf/tex/generic/pgf/basiclayer/pgfcoretransparency.code.tex
File: pgfcoretransparency.code.tex 2008/01/17  (rcs-revision 1.2)
)
(/usr/share/texmf/tex/generic/pgf/basiclayer/pgfcorepatterns.code.tex
File: pgfcorepatterns.code.tex 2009/07/02  (rcs-revision 1.3)
)))
(/usr/share/texmf/tex/latex/pgf/utilities/xxcolor.sty
Package: xxcolor 2003/10/24 ver 0.1
\XC@nummixins=\count117
\XC@countmixins=\count118
)
(/usr/share/texmf-texlive/tex/latex/hyperref/hyperref.sty
Package: hyperref 2009/10/09 v6.79a Hypertext links for LaTeX

(/usr/share/texmf-texlive/tex/generic/ifxetex/ifxetex.sty
Package: ifxetex 2009/01/23 v0.5 Provides ifxetex conditional
)
(/usr/share/texmf-texlive/tex/latex/oberdiek/hycolor.sty
Package: hycolor 2009/10/02 v1.5 Code for color options of hyperref/bookmark (H
O)

(/usr/share/texmf-texlive/tex/latex/oberdiek/xcolor-patch.sty
Package: xcolor-patch 2009/10/02 xcolor patch
))
\@linkdim=\dimen159
\Hy@linkcounter=\count119
\Hy@pagecounter=\count120

(/usr/share/texmf-texlive/tex/latex/hyperref/pd1enc.def
File: pd1enc.def 2009/10/09 v6.79a Hyperref: PDFDocEncoding definition (HO)
)
(/usr/share/texmf-texlive/tex/generic/oberdiek/etexcmds.sty
Package: etexcmds 2007/12/12 v1.2 Prefix for e-TeX command names (HO)

(/usr/share/texmf-texlive/tex/generic/oberdiek/infwarerr.sty
Package: infwarerr 2007/09/09 v1.2 Providing info/warning/message (HO)
)
Package etexcmds Info: Could not find \expanded.
(etexcmds)             That can mean that you are not using pdfTeX 1.50 or
(etexcmds)             that some package has redefined \expanded.
(etexcmds)             In the latter case, load this package earlier.
)
(/usr/share/texmf-texlive/tex/latex/latexconfig/hyperref.cfg
File: hyperref.cfg 2002/06/06 v1.2 hyperref configuration of TeXLive
)
(/usr/share/texmf-texlive/tex/latex/oberdiek/kvoptions.sty
Package: kvoptions 2009/08/13 v3.4 Keyval support for LaTeX options (HO)

(/usr/share/texmf-texlive/tex/generic/oberdiek/kvsetkeys.sty
Package: kvsetkeys 2009/07/30 v1.5 Key value parser with default handler suppor
t (HO)
))
Package hyperref Info: Option `bookmarks' set `true' on input line 2864.
Package hyperref Info: Option `bookmarksopen' set `true' on input line 2864.
Package hyperref Info: Option `implicit' set `false' on input line 2864.
Package hyperref Info: Hyper figures OFF on input line 2975.
Package hyperref Info: Link nesting OFF on input line 2980.
Package hyperref Info: Hyper index ON on input line 2983.
Package hyperref Info: Plain pages OFF on input line 2990.
Package hyperref Info: Backreferencing OFF on input line 2995.

Implicit mode OFF; no redefinition of LaTeX internals
Package hyperref Info: Bookmarks ON on input line 3191.
(/usr/share/texmf-texlive/tex/latex/ltxmisc/url.sty
\Urlmuskip=\muskip10
Package: url 2006/04/12  ver 3.3  Verb mode for urls, etc.
)
LaTeX Info: Redefining \url on input line 3428.

(/usr/share/texmf-texlive/tex/generic/oberdiek/bitset.sty
Package: bitset 2007/09/28 v1.0 Data type bit set (HO)

(/usr/share/texmf-texlive/tex/generic/oberdiek/intcalc.sty
Package: intcalc 2007/09/27 v1.1 Expandable integer calculations (HO)
)
(/usr/share/texmf-texlive/tex/generic/oberdiek/bigintcalc.sty
Package: bigintcalc 2007/11/11 v1.1 Expandable big integer calculations (HO)

(/usr/share/texmf-texlive/tex/generic/oberdiek/pdftexcmds.sty
Package: pdftexcmds 2009/09/23 v0.6 LuaTeX support for pdfTeX utility functions
 (HO)

(/usr/share/texmf-texlive/tex/generic/oberdiek/ifluatex.sty
Package: ifluatex 2009/04/17 v1.2 Provides the ifluatex switch (HO)
Package ifluatex Info: LuaTeX not detected.
)
(/usr/share/texmf-texlive/tex/generic/oberdiek/ltxcmds.sty
Package: ltxcmds 2009/08/05 v1.0 Some LaTeX kernel commands for general use (HO
)
)
Package pdftexcmds Info: LuaTeX not detected.
Package pdftexcmds Info: \pdf@primitive is available.
Package pdftexcmds Info: \pdf@ifprimitive is available.
)))
\Fld@menulength=\count121
\Field@Width=\dimen160
\Fld@charsize=\dimen161
\Field@toks=\toks25
Package hyperref Info: Hyper figures OFF on input line 4377.
Package hyperref Info: Link nesting OFF on input line 4382.
Package hyperref Info: Hyper index ON on input line 4385.
Package hyperref Info: backreferencing OFF on input line 4392.
Package hyperref Info: Link coloring OFF on input line 4397.
Package hyperref Info: Link coloring with OCG OFF on input line 4402.
Package hyperref Info: PDF/A mode OFF on input line 4407.

(/usr/share/texmf-texlive/tex/generic/oberdiek/atbegshi.sty
Package: atbegshi 2008/07/31 v1.9 At begin shipout hook (HO)
)
\Hy@abspage=\count122

Hyperref stopped early
)
*hyperref using default driver hpdftex*
(/usr/share/texmf-texlive/tex/latex/hyperref/hpdftex.def
File: hpdftex.def 2009/10/09 v6.79a Hyperref driver for pdfTeX
\Fld@listcount=\count123
)
(/usr/share/texmf/tex/latex/beamer/base/beamerbaserequires.sty
Package: beamerbaserequires 2010/05/01  (rcs-revision efa082c6111d)

(/usr/share/texmf/tex/latex/beamer/base/beamerbasecompatibility.sty
Package: beamerbasecompatibility 2010/07/12  (rcs-revision 6648c3177e4e)
)
(/usr/share/texmf/tex/latex/beamer/base/beamerbasefont.sty
Package: beamerbasefont 2010/05/10  (rcs-revision cd36e8a33c6b)

(/usr/share/texmf-texlive/tex/latex/amsfonts/amssymb.sty
Package: amssymb 2009/06/22 v3.00

(/usr/share/texmf-texlive/tex/latex/amsfonts/amsfonts.sty
Package: amsfonts 2009/06/22 v3.00 Basic AMSFonts support
\@emptytoks=\toks26
\symAMSa=\mathgroup4
\symAMSb=\mathgroup5
LaTeX Font Info:    Overwriting math alphabet `\mathfrak' in version `bold'
(Font)                  U/euf/m/n --> U/euf/b/n on input line 96.
)))
(/usr/share/texmf/tex/latex/beamer/base/beamerbasetranslator.sty
Package: beamerbasetranslator 2010/06/11  (rcs-revision 85fd1cc7fc42)

(/usr/share/texmf/tex/latex/beamer/base/translator/translator.sty
Package: translator 2010/06/12 ver 1.10

(/usr/share/texmf/tex/latex/beamer/base/translator/translator-language-mappings
.tex))) (/usr/share/texmf/tex/latex/beamer/base/beamerbasemisc.sty
Package: beamerbasemisc 2010/06/06  (rcs-revision bff0a9294b45)
)
(/usr/share/texmf/tex/latex/beamer/base/beamerbasetwoscreens.sty
Package: beamerbasetwoscreens 2010/05/01  (rcs-revision efa082c6111d)
)
(/usr/share/texmf/tex/latex/beamer/base/beamerbaseoverlay.sty
Package: beamerbaseoverlay 2010/05/07  (rcs-revision 5584dad462a9)
\beamer@argscount=\count124
\beamer@lastskipcover=\skip47
\beamer@trivlistdepth=\count125
)
(/usr/share/texmf/tex/latex/beamer/base/beamerbasetitle.sty
Package: beamerbasetitle 2010/06/12  (rcs-revision 717e481ca47a)
)
(/usr/share/texmf/tex/latex/beamer/base/beamerbasesection.sty
Package: beamerbasesection 2010/06/17  (rcs-revision e0d9401bb743)
\c@lecture=\count126
\c@part=\count127
\c@section=\count128
\c@subsection=\count129
\c@subsubsection=\count130
)
(/usr/share/texmf/tex/latex/beamer/base/beamerbaseframe.sty
Package: beamerbaseframe 2010/06/06  (rcs-revision bff0a9294b45)
\beamer@framebox=\box40
\beamer@frametitlebox=\box41
\beamer@zoombox=\box42
\beamer@zoomcount=\count131
\beamer@zoomframecount=\count132
\beamer@frametextheight=\dimen162
\c@subsectionslide=\count133
\beamer@frametopskip=\skip48
\beamer@framebottomskip=\skip49
\beamer@frametopskipautobreak=\skip50
\beamer@framebottomskipautobreak=\skip51
\beamer@envbody=\toks27
\c@framenumber=\count134
)
(/usr/share/texmf/tex/latex/beamer/base/beamerbaseverbatim.sty
Package: beamerbaseverbatim 2010/05/01  (rcs-revision efa082c6111d)
\beamer@verbatimfileout=\write4
)
(/usr/share/texmf/tex/latex/beamer/base/beamerbaseframesize.sty
Package: beamerbaseframesize 2010/06/27  (rcs-revision 6baa2d92e6f1)
\beamer@splitbox=\box43
\beamer@autobreakcount=\count135
\beamer@autobreaklastheight=\dimen163
\beamer@frametitletoks=\toks28
\beamer@framesubtitletoks=\toks29
)
(/usr/share/texmf/tex/latex/beamer/base/beamerbaseframecomponents.sty
Package: beamerbaseframecomponents 2010/07/12  (rcs-revision 09e82992d9b1)
\beamer@footins=\box44
)
(/usr/share/texmf/tex/latex/beamer/base/beamerbasecolor.sty
Package: beamerbasecolor 2010/06/06  (rcs-revision d1a9b48be06d)
)
(/usr/share/texmf/tex/latex/beamer/base/beamerbasenotes.sty
Package: beamerbasenotes 2010/05/01  (rcs-revision efa082c6111d)
\beamer@frameboxcopy=\box45
)
(/usr/share/texmf/tex/latex/beamer/base/beamerbasetoc.sty
Package: beamerbasetoc 2010/06/11  (rcs-revision 242ecaa6783b)
)
(/usr/share/texmf/tex/latex/beamer/base/beamerbasetemplates.sty
Package: beamerbasetemplates 2010/05/01  (rcs-revision efa082c6111d)
\beamer@sbttoks=\toks30

(/usr/share/texmf/tex/latex/beamer/base/beamerbaseauxtemplates.sty
Package: beamerbaseauxtemplates 2010/05/01  (rcs-revision efa082c6111d)

(/usr/share/texmf/tex/latex/beamer/base/beamerbaseboxes.sty
Package: beamerbaseboxes 2010/05/01  (rcs-revision efa082c6111d)
\bmb@box=\box46
\bmb@colorbox=\box47
\bmb@boxshadow=\box48
\bmb@boxshadowball=\box49
\bmb@boxshadowballlarge=\box50
\bmb@temp=\dimen164
\bmb@dima=\dimen165
\bmb@dimb=\dimen166
\bmb@prevheight=\dimen167
)
\beamer@blockheadheight=\dimen168
))
(/usr/share/texmf/tex/latex/beamer/base/beamerbaselocalstructure.sty
Package: beamerbaselocalstructure 2010/06/01  (rcs-revision 81f9e33f7cc2)

(/usr/share/texmf-texlive/tex/latex/tools/enumerate.sty
Package: enumerate 1999/03/05 v3.00 enumerate extensions (DPC)
\@enLab=\toks31
)
\c@figure=\count136
\c@table=\count137
\abovecaptionskip=\skip52
\belowcaptionskip=\skip53
)
(/usr/share/texmf/tex/latex/beamer/base/beamerbasenavigation.sty
Package: beamerbasenavigation 2010/05/01  (rcs-revision efa082c6111d)
)
(/usr/share/texmf/tex/latex/beamer/base/beamerbasetheorems.sty
Package: beamerbasetheorems 2010/06/06  (rcs-revision 7e7cc5e53e9d)

(/usr/share/texmf-texlive/tex/latex/amsmath/amsmath.sty
Package: amsmath 2000/07/18 v2.13 AMS math features
\@mathmargin=\skip54

For additional information on amsmath, use the `?' option.
(/usr/share/texmf-texlive/tex/latex/amsmath/amstext.sty
Package: amstext 2000/06/29 v2.01

(/usr/share/texmf-texlive/tex/latex/amsmath/amsgen.sty
File: amsgen.sty 1999/11/30 v2.0
\@emptytoks=\toks32
\ex@=\dimen169
))
(/usr/share/texmf-texlive/tex/latex/amsmath/amsbsy.sty
Package: amsbsy 1999/11/29 v1.2d
\pmbraise@=\dimen170
)
(/usr/share/texmf-texlive/tex/latex/amsmath/amsopn.sty
Package: amsopn 1999/12/14 v2.01 operator names
)
\inf@bad=\count138
LaTeX Info: Redefining \frac on input line 211.
\uproot@=\count139
\leftroot@=\count140
LaTeX Info: Redefining \overline on input line 307.
\classnum@=\count141
\DOTSCASE@=\count142
LaTeX Info: Redefining \ldots on input line 379.
LaTeX Info: Redefining \dots on input line 382.
LaTeX Info: Redefining \cdots on input line 467.
\Mathstrutbox@=\box51
\strutbox@=\box52
\big@size=\dimen171
LaTeX Font Info:    Redeclaring font encoding OML on input line 567.
LaTeX Font Info:    Redeclaring font encoding OMS on input line 568.
\macc@depth=\count143
\c@MaxMatrixCols=\count144
\dotsspace@=\muskip11
\c@parentequation=\count145
\dspbrk@lvl=\count146
\tag@help=\toks33
\row@=\count147
\column@=\count148
\maxfields@=\count149
\andhelp@=\toks34
\eqnshift@=\dimen172
\alignsep@=\dimen173
\tagshift@=\dimen174
\tagwidth@=\dimen175
\totwidth@=\dimen176
\lineht@=\dimen177
\@envbody=\toks35
\multlinegap=\skip55
\multlinetaggap=\skip56
\mathdisplay@stack=\toks36
LaTeX Info: Redefining \[ on input line 2666.
LaTeX Info: Redefining \] on input line 2667.
)
(/usr/share/texmf-texlive/tex/latex/amscls/amsthm.sty
Package: amsthm 2004/08/06 v2.20
\thm@style=\toks37
\thm@bodyfont=\toks38
\thm@headfont=\toks39
\thm@notefont=\toks40
\thm@headpunct=\toks41
\thm@preskip=\skip57
\thm@postskip=\skip58
\thm@headsep=\skip59
\dth@everypar=\toks42
)
\c@theorem=\count150
)
(/usr/share/texmf/tex/latex/beamer/base/beamerbasethemes.sty
Package: beamerbasethemes 2010/05/01  (rcs-revision efa082c6111d)
))
(/usr/share/texmf/tex/latex/beamer/base/themes/theme/beamerthemedefault.sty
Package: beamerthemedefault 2010/06/17  (rcs-revision d02a7cf4d8ae)

(/usr/share/texmf/tex/latex/beamer/base/themes/font/beamerfontthemedefault.sty
Package: beamerfontthemedefault 2010/06/17  (rcs-revision d02a7cf4d8ae)
)
(/usr/share/texmf/tex/latex/beamer/base/themes/color/beamercolorthemedefault.st
y
Package: beamercolorthemedefault 2010/06/17  (rcs-revision d02a7cf4d8ae)
)
(/usr/share/texmf/tex/latex/beamer/base/themes/inner/beamerinnerthemedefault.st
y
Package: beamerinnerthemedefault 2010/06/17  (rcs-revision d02a7cf4d8ae)
\beamer@dima=\dimen178
\beamer@dimb=\dimen179
)
(/usr/share/texmf/tex/latex/beamer/base/themes/outer/beamerouterthemedefault.st
y
Package: beamerouterthemedefault 2010/06/17  (rcs-revision d02a7cf4d8ae)
))) (/var/lib/texmf/tex/generic/babel/babel.sty
Package: babel 2008/07/06 v3.8l The Babel package

(/usr/share/texmf-texlive/tex/generic/babel/portuges.ldf
Language: portuges 2008/03/18 v1.2q Portuguese support from the babel system

(/usr/share/texmf-texlive/tex/generic/babel/babel.def
File: babel.def 2008/07/06 v3.8l Babel common definitions
LaTeX Info: Redefining \textlatin on input line 82.
\babel@savecnt=\count151
\U@D=\dimen180
)
\l@brazil = a dialect from \language\l@portuges 
Package babel Info: Making " an active character on input line 145.
))
(/usr/share/texmf-texlive/tex/latex/base/inputenc.sty
Package: inputenc 2008/03/30 v1.1d Input encoding file
\inpenc@prehook=\toks43
\inpenc@posthook=\toks44

(/usr/share/texmf-texlive/tex/latex/base/utf8.def
File: utf8.def 2008/04/05 v1.1m UTF-8 support for inputenc
Now handling font encoding OML ...
... no UTF-8 mapping file for font encoding OML
Now handling font encoding T1 ...
... processing UTF-8 mapping file for font encoding T1

(/usr/share/texmf-texlive/tex/latex/base/t1enc.dfu
File: t1enc.dfu 2008/04/05 v1.1m UTF-8 support for inputenc
   defining Unicode char U+00A1 (decimal 161)
   defining Unicode char U+00A3 (decimal 163)
   defining Unicode char U+00AB (decimal 171)
   defining Unicode char U+00BB (decimal 187)
   defining Unicode char U+00BF (decimal 191)
   defining Unicode char U+00C0 (decimal 192)
   defining Unicode char U+00C1 (decimal 193)
   defining Unicode char U+00C2 (decimal 194)
   defining Unicode char U+00C3 (decimal 195)
   defining Unicode char U+00C4 (decimal 196)
   defining Unicode char U+00C5 (decimal 197)
   defining Unicode char U+00C6 (decimal 198)
   defining Unicode char U+00C7 (decimal 199)
   defining Unicode char U+00C8 (decimal 200)
   defining Unicode char U+00C9 (decimal 201)
   defining Unicode char U+00CA (decimal 202)
   defining Unicode char U+00CB (decimal 203)
   defining Unicode char U+00CC (decimal 204)
   defining Unicode char U+00CD (decimal 205)
   defining Unicode char U+00CE (decimal 206)
   defining Unicode char U+00CF (decimal 207)
   defining Unicode char U+00D0 (decimal 208)
   defining Unicode char U+00D1 (decimal 209)
   defining Unicode char U+00D2 (decimal 210)
   defining Unicode char U+00D3 (decimal 211)
   defining Unicode char U+00D4 (decimal 212)
   defining Unicode char U+00D5 (decimal 213)
   defining Unicode char U+00D6 (decimal 214)
   defining Unicode char U+00D8 (decimal 216)
   defining Unicode char U+00D9 (decimal 217)
   defining Unicode char U+00DA (decimal 218)
   defining Unicode char U+00DB (decimal 219)
   defining Unicode char U+00DC (decimal 220)
   defining Unicode char U+00DD (decimal 221)
   defining Unicode char U+00DE (decimal 222)
   defining Unicode char U+00DF (decimal 223)
   defining Unicode char U+00E0 (decimal 224)
   defining Unicode char U+00E1 (decimal 225)
   defining Unicode char U+00E2 (decimal 226)
   defining Unicode char U+00E3 (decimal 227)
   defining Unicode char U+00E4 (decimal 228)
   defining Unicode char U+00E5 (decimal 229)
   defining Unicode char U+00E6 (decimal 230)
   defining Unicode char U+00E7 (decimal 231)
   defining Unicode char U+00E8 (decimal 232)
   defining Unicode char U+00E9 (decimal 233)
   defining Unicode char U+00EA (decimal 234)
   defining Unicode char U+00EB (decimal 235)
   defining Unicode char U+00EC (decimal 236)
   defining Unicode char U+00ED (decimal 237)
   defining Unicode char U+00EE (decimal 238)
   defining Unicode char U+00EF (decimal 239)
   defining Unicode char U+00F0 (decimal 240)
   defining Unicode char U+00F1 (decimal 241)
   defining Unicode char U+00F2 (decimal 242)
   defining Unicode char U+00F3 (decimal 243)
   defining Unicode char U+00F4 (decimal 244)
   defining Unicode char U+00F5 (decimal 245)
   defining Unicode char U+00F6 (decimal 246)
   defining Unicode char U+00F8 (decimal 248)
   defining Unicode char U+00F9 (decimal 249)
   defining Unicode char U+00FA (decimal 250)
   defining Unicode char U+00FB (decimal 251)
   defining Unicode char U+00FC (decimal 252)
   defining Unicode char U+00FD (decimal 253)
   defining Unicode char U+00FE (decimal 254)
   defining Unicode char U+00FF (decimal 255)
   defining Unicode char U+0102 (decimal 258)
   defining Unicode char U+0103 (decimal 259)
   defining Unicode char U+0104 (decimal 260)
   defining Unicode char U+0105 (decimal 261)
   defining Unicode char U+0106 (decimal 262)
   defining Unicode char U+0107 (decimal 263)
   defining Unicode char U+010C (decimal 268)
   defining Unicode char U+010D (decimal 269)
   defining Unicode char U+010E (decimal 270)
   defining Unicode char U+010F (decimal 271)
   defining Unicode char U+0110 (decimal 272)
   defining Unicode char U+0111 (decimal 273)
   defining Unicode char U+0118 (decimal 280)
   defining Unicode char U+0119 (decimal 281)
   defining Unicode char U+011A (decimal 282)
   defining Unicode char U+011B (decimal 283)
   defining Unicode char U+011E (decimal 286)
   defining Unicode char U+011F (decimal 287)
   defining Unicode char U+0130 (decimal 304)
   defining Unicode char U+0131 (decimal 305)
   defining Unicode char U+0132 (decimal 306)
   defining Unicode char U+0133 (decimal 307)
   defining Unicode char U+0139 (decimal 313)
   defining Unicode char U+013A (decimal 314)
   defining Unicode char U+013D (decimal 317)
   defining Unicode char U+013E (decimal 318)
   defining Unicode char U+0141 (decimal 321)
   defining Unicode char U+0142 (decimal 322)
   defining Unicode char U+0143 (decimal 323)
   defining Unicode char U+0144 (decimal 324)
   defining Unicode char U+0147 (decimal 327)
   defining Unicode char U+0148 (decimal 328)
   defining Unicode char U+014A (decimal 330)
   defining Unicode char U+014B (decimal 331)
   defining Unicode char U+0150 (decimal 336)
   defining Unicode char U+0151 (decimal 337)
   defining Unicode char U+0152 (decimal 338)
   defining Unicode char U+0153 (decimal 339)
   defining Unicode char U+0154 (decimal 340)
   defining Unicode char U+0155 (decimal 341)
   defining Unicode char U+0158 (decimal 344)
   defining Unicode char U+0159 (decimal 345)
   defining Unicode char U+015A (decimal 346)
   defining Unicode char U+015B (decimal 347)
   defining Unicode char U+015E (decimal 350)
   defining Unicode char U+015F (decimal 351)
   defining Unicode char U+0160 (decimal 352)
   defining Unicode char U+0161 (decimal 353)
   defining Unicode char U+0162 (decimal 354)
   defining Unicode char U+0163 (decimal 355)
   defining Unicode char U+0164 (decimal 356)
   defining Unicode char U+0165 (decimal 357)
   defining Unicode char U+016E (decimal 366)
   defining Unicode char U+016F (decimal 367)
   defining Unicode char U+0170 (decimal 368)
   defining Unicode char U+0171 (decimal 369)
   defining Unicode char U+0178 (decimal 376)
   defining Unicode char U+0179 (decimal 377)
   defining Unicode char U+017A (decimal 378)
   defining Unicode char U+017B (decimal 379)
   defining Unicode char U+017C (decimal 380)
   defining Unicode char U+017D (decimal 381)
   defining Unicode char U+017E (decimal 382)
   defining Unicode char U+200C (decimal 8204)
   defining Unicode char U+2013 (decimal 8211)
   defining Unicode char U+2014 (decimal 8212)
   defining Unicode char U+2018 (decimal 8216)
   defining Unicode char U+2019 (decimal 8217)
   defining Unicode char U+201A (decimal 8218)
   defining Unicode char U+201C (decimal 8220)
   defining Unicode char U+201D (decimal 8221)
   defining Unicode char U+201E (decimal 8222)
   defining Unicode char U+2030 (decimal 8240)
   defining Unicode char U+2031 (decimal 8241)
   defining Unicode char U+2039 (decimal 8249)
   defining Unicode char U+203A (decimal 8250)
   defining Unicode char U+2423 (decimal 9251)
)
Now handling font encoding OT1 ...
... processing UTF-8 mapping file for font encoding OT1

(/usr/share/texmf-texlive/tex/latex/base/ot1enc.dfu
File: ot1enc.dfu 2008/04/05 v1.1m UTF-8 support for inputenc
   defining Unicode char U+00A1 (decimal 161)
   defining Unicode char U+00A3 (decimal 163)
   defining Unicode char U+00B8 (decimal 184)
   defining Unicode char U+00BF (decimal 191)
   defining Unicode char U+00C5 (decimal 197)
   defining Unicode char U+00C6 (decimal 198)
   defining Unicode char U+00D8 (decimal 216)
   defining Unicode char U+00DF (decimal 223)
   defining Unicode char U+00E6 (decimal 230)
   defining Unicode char U+00EC (decimal 236)
   defining Unicode char U+00ED (decimal 237)
   defining Unicode char U+00EE (decimal 238)
   defining Unicode char U+00EF (decimal 239)
   defining Unicode char U+00F8 (decimal 248)
   defining Unicode char U+0131 (decimal 305)
   defining Unicode char U+0141 (decimal 321)
   defining Unicode char U+0142 (decimal 322)
   defining Unicode char U+0152 (decimal 338)
   defining Unicode char U+0153 (decimal 339)
   defining Unicode char U+2013 (decimal 8211)
   defining Unicode char U+2014 (decimal 8212)
   defining Unicode char U+2018 (decimal 8216)
   defining Unicode char U+2019 (decimal 8217)
   defining Unicode char U+201C (decimal 8220)
   defining Unicode char U+201D (decimal 8221)
)
Now handling font encoding OMS ...
... processing UTF-8 mapping file for font encoding OMS

(/usr/share/texmf-texlive/tex/latex/base/omsenc.dfu
File: omsenc.dfu 2008/04/05 v1.1m UTF-8 support for inputenc
   defining Unicode char U+00A7 (decimal 167)
   defining Unicode char U+00B6 (decimal 182)
   defining Unicode char U+00B7 (decimal 183)
   defining Unicode char U+2020 (decimal 8224)
   defining Unicode char U+2021 (decimal 8225)
   defining Unicode char U+2022 (decimal 8226)
)
Now handling font encoding OMX ...
... no UTF-8 mapping file for font encoding OMX
Now handling font encoding U ...
... no UTF-8 mapping file for font encoding U
Now handling font encoding PD1 ...
... no UTF-8 mapping file for font encoding PD1
   defining Unicode char U+00A9 (decimal 169)
   defining Unicode char U+00AA (decimal 170)
   defining Unicode char U+00AE (decimal 174)
   defining Unicode char U+00BA (decimal 186)
   defining Unicode char U+02C6 (decimal 710)
   defining Unicode char U+02DC (decimal 732)
   defining Unicode char U+200C (decimal 8204)
   defining Unicode char U+2026 (decimal 8230)
   defining Unicode char U+2122 (decimal 8482)
   defining Unicode char U+2423 (decimal 9251)
))
(/usr/share/texmf-texlive/tex/latex/subfigure/subfigure.sty
Package: subfigure 2002/03/15 v2.1.5 subfigure package
\subfigtopskip=\skip60
\subfigcapskip=\skip61
\subfigcaptopadj=\dimen181
\subfigbottomskip=\skip62
\subfigcapmargin=\dimen182
\subfiglabelskip=\skip63
\c@subfigure=\count152
\c@lofdepth=\count153
\c@subtable=\count154
\c@lotdepth=\count155

****************************************
* Local config file subfigure.cfg used *
****************************************
(/usr/share/texmf-texlive/tex/latex/subfigure/subfigure.cfg)
\subfig@top=\skip64
\subfig@bottom=\skip65
)
(/usr/share/texmf-texlive/tex/latex/fancybox/fancybox.sty
Package: fancybox 2000/09/19 1.3

Style option: `fancybox' v1.3 <2000/09/19> (tvz)
\@fancybox=\box53
\shadowsize=\dimen183
\@Sbox=\box54
\do@VerbBox=\toks45
\the@fancyput=\toks46
\this@fancyput=\toks47
\EndVerbatimTokens=\toks48
\Verbatim@Outfile=\write5
\Verbatim@Infile=\read2
) (/usr/share/texmf-texlive/tex/latex/multirow/multirow.sty
\bigstrutjot=\dimen184
)
(/usr/share/texmf-texlive/tex/latex/setspace/setspace.sty
Package: setspace 2000/12/01 6.7 Contributed and Supported LaTeX2e package

Package: `setspace' 6.7 <2000/12/01>
) (/usr/share/texmf-texlive/tex/latex/tools/indentfirst.sty
Package: indentfirst 1995/11/23 v1.03 Indent first paragraph (DPC)
)
(/usr/share/texmf-texlive/tex/latex/base/makeidx.sty
Package: makeidx 2000/03/29 v1.0m Standard LaTeX package
)
(/usr/share/texmf-texlive/tex/latex/base/latexsym.sty
Package: latexsym 1998/08/17 v2.2e Standard LaTeX package (lasy symbols)
\symlasy=\mathgroup6
LaTeX Font Info:    Overwriting symbol font `lasy' in version `bold'
(Font)                  U/lasy/m/n --> U/lasy/b/n on input line 47.
)
(/usr/share/texmf-texlive/tex/latex/base/ifthen.sty
Package: ifthen 2001/05/26 v1.1c Standard LaTeX ifthen package (DPC)
)
(/usr/share/texmf-texlive/tex/latex/units/nicefrac.sty
Package: nicefrac 1998/08/04 v0.9b Nice fractions
\L@UnitsRaiseDisplaystyle=\skip66
\L@UnitsRaiseTextstyle=\skip67
\L@UnitsRaiseScriptstyle=\skip68
)
(/usr/share/texmf-texlive/tex/latex/amsfonts/euscript.sty
Package: euscript 2009/06/22 v3.00 Euler Script fonts
LaTeX Font Info:    Overwriting math alphabet `\EuScript' in version `bold'
(Font)                  U/eus/m/n --> U/eus/b/n on input line 33.
)
(/usr/share/texmf-texlive/tex/generic/epsf/epsf.sty
This is `epsf.tex' v2.7.3 <23 July 2005>
\epsffilein=\read3
\epsfframemargin=\dimen185
\epsfframethickness=\dimen186
\epsfrsize=\dimen187
\epsftmp=\dimen188
\epsftsize=\dimen189
\epsfxsize=\dimen190
\epsfysize=\dimen191
\pspoints=\dimen192
) (/usr/share/texmf-texlive/tex/latex/graphics/epsfig.sty
Package: epsfig 1999/02/16 v1.7a (e)psfig emulation (SPQR)
\epsfxsize=\dimen193
\epsfysize=\dimen194
)
(/usr/share/texmf-texlive/tex/latex/psfrag/psfrag.sty
Package: psfrag 1998/04/11 v3.04 PSfrag (MCG)
\pfg@pcount=\count156
\pfg@scount=\count157
\pfg@temp=\write6
)
(/usr/share/texmf-texlive/tex/latex/babelbib/babelbib.sty
Package: babelbib 2009/10/10 v1.29 babelbib: multilingual bibliographies (HH)
)
(/usr/share/texmf-texlive/tex/latex/caption/caption.sty
Package: caption 2009/10/09 v3.1k Customizing captions (AR)

(/usr/share/texmf-texlive/tex/latex/caption/caption3.sty
Package: caption3 2009/10/09 v3.1k caption3 kernel (AR)
\captionmargin=\dimen195
\captionmargin@=\dimen196
\captionwidth=\dimen197
\caption@indent=\dimen198
\caption@parindent=\dimen199
\caption@hangindent=\dimen200
)
\c@ContinuedFloat=\count158
Package caption Info: beamer document class.
Package caption Info: hyperref package is loaded.


Package caption Warning: Hyperref support is turned off
(caption)                because hyperref has stopped early.
See the caption package documentation for explanation.

Package caption Info: subfigure package is loaded.
) (./natbib.sty
Package: natbib 2007/02/05 8.0 (PWD)
\bibhang=\skip69
\bibsep=\skip70
LaTeX Info: Redefining \cite on input line 602.
\c@NAT@ctr=\count159
) (./macros.sty) (./joel.sty) (./beamerthemeTJustino.sty
Package: beamerthemeTJustino 2010/06/17  (rcs-revision d02a7cf4d8ae)

(./beamerouterthemetjminiframes.sty
Package: beamerouterthemetjminiframes 2010/06/17  (rcs-revision d02a7cf4d8ae)
)) (./joel_pres.aux

LaTeX Warning: Label `fig:zang1' multiply defined.


LaTeX Warning: Label `fig:zang1' multiply defined.


LaTeX Warning: Label `fig:zang1' multiply defined.


LaTeX Warning: Label `fig:zang1' multiply defined.


LaTeX Warning: Label `fig:zang1' multiply defined.


LaTeX Warning: Label `fig:zang1' multiply defined.


LaTeX Warning: Label `fig:zang1' multiply defined.


LaTeX Warning: Label `fig:zang1' multiply defined.


LaTeX Warning: Label `fig:gps' multiply defined.

)
\openout1 = `joel_pres.aux'.

LaTeX Font Info:    Checking defaults for OML/cmm/m/it on input line 75.
LaTeX Font Info:    ... okay on input line 75.
LaTeX Font Info:    Checking defaults for T1/cmr/m/n on input line 75.
LaTeX Font Info:    ... okay on input line 75.
LaTeX Font Info:    Checking defaults for OT1/cmr/m/n on input line 75.
LaTeX Font Info:    ... okay on input line 75.
LaTeX Font Info:    Checking defaults for OMS/cmsy/m/n on input line 75.
LaTeX Font Info:    ... okay on input line 75.
LaTeX Font Info:    Checking defaults for OMX/cmex/m/n on input line 75.
LaTeX Font Info:    ... okay on input line 75.
LaTeX Font Info:    Checking defaults for U/cmr/m/n on input line 75.
LaTeX Font Info:    ... okay on input line 75.
LaTeX Font Info:    Checking defaults for PD1/pdf/m/n on input line 75.
LaTeX Font Info:    ... okay on input line 75.

*geometry auto-detecting driver*
*geometry detected driver: pdftex*
-------------------- Geometry parameters
paper: user defined
landscape: --
twocolumn: --
twoside: --
asymmetric: --
h-parts: 28.45274pt, 307.28987pt, 28.45274pt
v-parts: 0.0pt, 273.14662pt, 0.0pt
hmarginratio: --
vmarginratio: --
lines: --
heightrounded: --
bindingoffset: 0.0pt
truedimen: --
includehead: true
includefoot: true
includemp: --
driver: pdftex
-------------------- Page layout dimensions and switches
\paperwidth  364.19536pt
\paperheight 273.14662pt
\textwidth  307.28987pt
\textheight 244.6939pt
\oddsidemargin  -43.81725pt
\evensidemargin -43.81725pt
\topmargin  -72.26999pt
\headheight 14.22636pt
\headsep    0.0pt
\footskip   14.22636pt
\marginparwidth 4.0pt
\marginparsep   10.0pt
\columnsep  10.0pt
\skip\footins  10.0pt plus 4.0pt minus 2.0pt
\hoffset 0.0pt
\voffset 0.0pt
\mag 1000

(1in=72.27pt, 1cm=28.45pt)
-----------------------
(/usr/share/texmf-texlive/tex/context/base/supp-pdf.mkii
[Loading MPS to PDF converter (version 2006.09.02).]
\scratchcounter=\count160
\scratchdimen=\dimen201
\scratchbox=\box55
\nofMPsegments=\count161
\nofMParguments=\count162
\everyMPshowfont=\toks49
\MPscratchCnt=\count163
\MPscratchDim=\dimen202
\MPnumerator=\count164
\everyMPtoPDFconversion=\toks50
) ABD: EveryShipout initializing macros
Package hyperref Info: Link coloring OFF on input line 75.

(/usr/share/texmf-texlive/tex/latex/hyperref/nameref.sty
Package: nameref 2007/05/29 v2.31 Cross-referencing by name of section

(/usr/share/texmf-texlive/tex/latex/oberdiek/refcount.sty
Package: refcount 2008/08/11 v3.1 Data extraction from references (HO)
)
\c@section@level=\count165
)
LaTeX Info: Redefining \ref on input line 75.
LaTeX Info: Redefining \pageref on input line 75.
 (./joel_pres.out)
(./joel_pres.out)
\@outlinefile=\write7
\openout7 = `joel_pres.out'.

\AtBeginShipoutBox=\box56
LaTeX Font Info:    Overwriting symbol font `operators' in version `normal'
(Font)                  OT1/cmr/m/n --> OT1/cmss/m/n on input line 75.
LaTeX Font Info:    Overwriting symbol font `operators' in version `bold'
(Font)                  OT1/cmr/bx/n --> OT1/cmss/bx/n on input line 75.
\symnumbers=\mathgroup7
\sympureletters=\mathgroup8
LaTeX Font Info:    Overwriting math alphabet `\mathrm' in version `normal'
(Font)                  OT1/cmss/m/n --> OT1/cmr/m/n on input line 75.
LaTeX Font Info:    Redeclaring math alphabet \mathbf on input line 75.
LaTeX Font Info:    Overwriting math alphabet `\mathbf' in version `normal'
(Font)                  OT1/cmr/bx/n --> OT1/cmss/bx/n on input line 75.
LaTeX Font Info:    Overwriting math alphabet `\mathbf' in version `bold'
(Font)                  OT1/cmr/bx/n --> OT1/cmss/bx/n on input line 75.
LaTeX Font Info:    Redeclaring math alphabet \mathsf on input line 75.
LaTeX Font Info:    Overwriting math alphabet `\mathsf' in version `normal'
(Font)                  OT1/cmss/m/n --> OT1/cmss/m/n on input line 75.
LaTeX Font Info:    Overwriting math alphabet `\mathsf' in version `bold'
(Font)                  OT1/cmss/bx/n --> OT1/cmss/m/n on input line 75.
LaTeX Font Info:    Redeclaring math alphabet \mathit on input line 75.
LaTeX Font Info:    Overwriting math alphabet `\mathit' in version `normal'
(Font)                  OT1/cmr/m/it --> OT1/cmss/m/it on input line 75.
LaTeX Font Info:    Overwriting math alphabet `\mathit' in version `bold'
(Font)                  OT1/cmr/bx/it --> OT1/cmss/m/it on input line 75.
LaTeX Font Info:    Redeclaring math alphabet \mathtt on input line 75.
LaTeX Font Info:    Overwriting math alphabet `\mathtt' in version `normal'
(Font)                  OT1/cmtt/m/n --> OT1/cmtt/m/n on input line 75.
LaTeX Font Info:    Overwriting math alphabet `\mathtt' in version `bold'
(Font)                  OT1/cmtt/m/n --> OT1/cmtt/m/n on input line 75.
LaTeX Font Info:    Overwriting symbol font `numbers' in version `bold'
(Font)                  OT1/cmss/m/n --> OT1/cmss/bx/n on input line 75.
LaTeX Font Info:    Overwriting symbol font `pureletters' in version `bold'
(Font)                  OT1/cmss/m/it --> OT1/cmss/bx/it on input line 75.
LaTeX Font Info:    Overwriting math alphabet `\mathrm' in version `bold'
(Font)                  OT1/cmss/bx/n --> OT1/cmr/bx/n on input line 75.
LaTeX Font Info:    Overwriting math alphabet `\mathbf' in version `bold'
(Font)                  OT1/cmss/bx/n --> OT1/cmss/bx/n on input line 75.
LaTeX Font Info:    Overwriting math alphabet `\mathsf' in version `bold'
(Font)                  OT1/cmss/m/n --> OT1/cmss/bx/n on input line 75.
LaTeX Font Info:    Overwriting math alphabet `\mathit' in version `bold'
(Font)                  OT1/cmss/m/it --> OT1/cmss/bx/it on input line 75.
LaTeX Font Info:    Overwriting math alphabet `\mathtt' in version `bold'
(Font)                  OT1/cmtt/m/n --> OT1/cmtt/bx/n on input line 75.

(/usr/share/texmf/tex/latex/beamer/base/translator/dicts/translator-basic-dicti
onary/translator-basic-dictionary-English.dict
Dictionary: translator-basic-dictionary, Language: English 
)
(/usr/share/texmf/tex/latex/beamer/base/translator/dicts/translator-bibliograph
y-dictionary/translator-bibliography-dictionary-English.dict
Dictionary: translator-bibliography-dictionary, Language: English 
)
(/usr/share/texmf/tex/latex/beamer/base/translator/dicts/translator-environment
-dictionary/translator-environment-dictionary-English.dict
Dictionary: translator-environment-dictionary, Language: English 
)
(/usr/share/texmf/tex/latex/beamer/base/translator/dicts/translator-months-dict
ionary/translator-months-dictionary-English.dict
Dictionary: translator-months-dictionary, Language: English 
)
(/usr/share/texmf/tex/latex/beamer/base/translator/dicts/translator-numbers-dic
tionary/translator-numbers-dictionary-English.dict
Dictionary: translator-numbers-dictionary, Language: English 
)
(/usr/share/texmf/tex/latex/beamer/base/translator/dicts/translator-theorem-dic
tionary/translator-theorem-dictionary-English.dict
Dictionary: translator-theorem-dictionary, Language: English 
)
babelbib: Set bibliography fall-back language to brazil
(/usr/share/texmf-texlive/tex/latex/babelbib/portuguese.bdf
File: portuguese.bdf 2009/10/10 v1.29 babelbib: multilingual bibliographies (HH
)

babelbib extension \btxifchangecaseoff added to \extrasbrazil
)
babelbib: Load BibTeX extensions \bibsbrazil for brazil
babelbib: Set language for keywords in the bibliography fixed to brazil
Package caption Info: Begin \AtBeginDocument code.
Package caption Info: End \AtBeginDocument code.
(./joel_pres.nav)

LaTeX Font Warning: Font shape `OT1/cmss/m/n' in size <4> not available
(Font)              size <5> substituted on input line 77.



pdfTeX warning: pdflatex (file ./fig/ime-usp.pdf): PDF inclusion: found PDF ver
sion <1.5>, but at most version <1.4> allowed
<fig/ime-usp.pdf, id=100, 417.56pt x 735.7697pt>
File: fig/ime-usp.pdf Graphic file (type pdf)
 <use fig/ime-usp.pdf> [1
Non-PDF special ignored!{/var/lib/texmf/fonts/map/pdftex/updmap/pdftex.map}

 <./fig/ime-usp.pdf>] (./joel_pres.toc)
File: fig/ime-usp.pdf Graphic file (type pdf)
 <use fig/ime-usp.pdf> [2

] (./joel_pres.toc)
File: fig/ime-usp.pdf Graphic file (type pdf)
<use fig/ime-usp.pdf> [3

]
LaTeX Font Info:    Try loading font information for U+msa on input line 110.
 (/usr/share/texmf-texlive/tex/latex/amsfonts/umsa.fd
File: umsa.fd 2009/06/22 v3.00 AMS symbols A
)
LaTeX Font Info:    Try loading font information for U+msb on input line 110.
(/usr/share/texmf-texlive/tex/latex/amsfonts/umsb.fd
File: umsb.fd 2009/06/22 v3.00 AMS symbols B
)
LaTeX Font Info:    Try loading font information for U+lasy on input line 110.

(/usr/share/texmf-texlive/tex/latex/base/ulasy.fd
File: ulasy.fd 1998/08/17 v2.2e LaTeX symbol font definitions
)

LaTeX Font Warning: Font shape `OT1/cmss/m/sc' in size <10.95> not available
(Font)              Font shape `OT1/cmr/m/sc' tried instead on input line 110.


LaTeX Font Warning: Font shape `OT1/cmss/m/sc' in size <10> not available
(Font)              Font shape `OT1/cmr/m/sc' tried instead on input line 110.

File: fig/ime-usp.pdf Graphic file (type pdf)
<use fig/ime-usp.pdf> [4

]
File: fig/ime-usp.pdf Graphic file (type pdf)
 <use fig/ime-usp.pdf> [5

]
File: fig/ime-usp.pdf Graphic file (type pdf)
 <use fig/ime-usp.pdf>
[6

]
File: fig/ime-usp.pdf Graphic file (type pdf)
 <use fig/ime-usp.pdf> [7

]
File: fig/ime-usp.pdf Graphic file (type pdf)
 <use fig/ime-usp.pdf> [8

]
File: fig/ime-usp.pdf Graphic file (type pdf)
 <use fig/ime-usp.pdf>
[9

]
File: fig/ime-usp.pdf Graphic file (type pdf)
 <use fig/ime-usp.pdf> [10

]
File: fig/ime-usp.pdf Graphic file (type pdf)
 <use fig/ime-usp.pdf> [11

]
File: fig/ime-usp.pdf Graphic file (type pdf)

<use fig/ime-usp.pdf> [12

]
File: fig/ime-usp.pdf Graphic file (type pdf)
 <use fig/ime-usp.pdf> [13

]
File: fig/ime-usp.pdf Graphic file (type pdf)
 <use fig/ime-usp.pdf>
[14

]
File: fig/ime-usp.pdf Graphic file (type pdf)
 <use fig/ime-usp.pdf> [15

]
File: fig/ime-usp.pdf Graphic file (type pdf)
 <use fig/ime-usp.pdf> [16

]
File: fig/ime-usp.pdf Graphic file (type pdf)

<use fig/ime-usp.pdf> [17

]
File: fig/ime-usp.pdf Graphic file (type pdf)
 <use fig/ime-usp.pdf> [18

]
File: fig/ime-usp.pdf Graphic file (type pdf)
 <use fig/ime-usp.pdf>
[19

]
File: fig/ime-usp.pdf Graphic file (type pdf)
 <use fig/ime-usp.pdf> [20

]
File: fig/ime-usp.pdf Graphic file (type pdf)
 <use fig/ime-usp.pdf> [21

] (./joel_pres.toc)
File: fig/ime-usp.pdf Graphic file (type pdf)

<use fig/ime-usp.pdf> [22

]

LaTeX Font Warning: Font shape `OT1/cmss/m/sc' in size <12> not available
(Font)              Font shape `OT1/cmr/m/sc' tried instead on input line 156.

File: fig/ime-usp.pdf Graphic file (type pdf)
<use fig/ime-usp.pdf> [23

]
File: fig/ime-usp.pdf Graphic file (type pdf)
 <use fig/ime-usp.pdf> [24

]
File: fig/ime-usp.pdf Graphic file (type pdf)
 <use fig/ime-usp.pdf>
[25

]
File: fig/ime-usp.pdf Graphic file (type pdf)
 <use fig/ime-usp.pdf> [26

]
File: fig/ime-usp.pdf Graphic file (type pdf)
 <use fig/ime-usp.pdf> [27

]

pdfTeX warning: pdflatex (file ./fig/qos.pdf): PDF inclusion: found PDF version
 <1.5>, but at most version <1.4> allowed
<fig/qos.pdf, id=2764, 441.65pt x 427.1292pt>
File: fig/qos.pdf Graphic file (type pdf)
 <use fig/qos.pdf>
File: fig/ime-usp.pdf Graphic file (type pdf)

<use fig/ime-usp.pdf> [28

 <./fig/qos.pdf>]
File: fig/ime-usp.pdf Graphic file (type pdf)
 <use fig/ime-usp.pdf> [29

]
File: fig/ime-usp.pdf Graphic file (type pdf)

<use fig/ime-usp.pdf> [30

]
File: fig/ime-usp.pdf Graphic file (type pdf)
 <use fig/ime-usp.pdf> [31

]
File: fig/ime-usp.pdf Graphic file (type pdf)
 <use fig/ime-usp.pdf>
[32

]
File: fig/ime-usp.pdf Graphic file (type pdf)
 <use fig/ime-usp.pdf> [33

]
File: fig/ime-usp.pdf Graphic file (type pdf)
 <use fig/ime-usp.pdf> [34

]
File: fig/ime-usp.pdf Graphic file (type pdf)

<use fig/ime-usp.pdf> [35

]
File: fig/ime-usp.pdf Graphic file (type pdf)
 <use fig/ime-usp.pdf> [36

]
<fig/gps.jpg, id=3631, 505.89pt x 391.4625pt>
File: fig/gps.jpg Graphic file (type jpg)
 <use fig/gps.jpg>
File: fig/ime-usp.pdf Graphic file (type pdf)

<use fig/ime-usp.pdf> [37

 <./fig/gps.jpg>]
File: fig/ime-usp.pdf Graphic file (type pdf)
 <use fig/ime-usp.pdf> [38

]
File: fig/ime-usp.pdf Graphic file (type pdf)

<use fig/ime-usp.pdf> [39

]
File: fig/ime-usp.pdf Graphic file (type pdf)
 <use fig/ime-usp.pdf> [40

]

pdfTeX warning: pdflatex (file ./fig/funcao_linear_por_partes.pdf): PDF inclusi
on: found PDF version <1.5>, but at most version <1.4> allowed
<fig/funcao_linear_por_partes.pdf, id=4014, 301.125pt x 210.7875pt>
File: fig/funcao_linear_por_partes.pdf Graphic file (type pdf)

<use fig/funcao_linear_por_partes.pdf>
File: fig/ime-usp.pdf Graphic file (type pdf)
 <use fig/ime-usp.pdf> [41

 <./fig/funcao_linear_por_partes.pdf>]
File: fig/ime-usp.pdf Graphic file (type pdf)
 <use fig/ime-usp.pdf> [42

]
File: fig/ime-usp.pdf Graphic file (type pdf)
 <use fig/ime-usp.pdf>
[43

]
File: fig/ime-usp.pdf Graphic file (type pdf)
 <use fig/ime-usp.pdf> [44

]
File: fig/ime-usp.pdf Graphic file (type pdf)
 <use fig/ime-usp.pdf> [45

]
File: fig/ime-usp.pdf Graphic file (type pdf)

<use fig/ime-usp.pdf> [46

]
File: fig/ime-usp.pdf Graphic file (type pdf)
 <use fig/ime-usp.pdf> [47

]
File: fig/ime-usp.pdf Graphic file (type pdf)
 <use fig/ime-usp.pdf>
[48

]
File: fig/ime-usp.pdf Graphic file (type pdf)
 <use fig/ime-usp.pdf> [49

]
File: fig/ime-usp.pdf Graphic file (type pdf)
 <use fig/ime-usp.pdf> [50

]

pdfTeX warning: pdflatex (file ./fig/curva.pdf): PDF inclusion: found PDF versi
on <1.5>, but at most version <1.4> allowed
<fig/curva.pdf, id=4992, 361.35pt x 216.81pt>
File: fig/curva.pdf Graphic file (type pdf)
 <use fig/curva.pdf>

pdfTeX warning: pdflatex (file ./fig/curva_aproximada.pdf): PDF inclusion: foun
d PDF version <1.5>, but at most version <1.4> allowed
<fig/curva_aproximada.pdf, id=4994, 361.35pt x 216.81pt>
File: fig/curva_aproximada.pdf Graphic file (type pdf)

<use fig/curva_aproximada.pdf>
File: fig/ime-usp.pdf Graphic file (type pdf)
 <use fig/ime-usp.pdf> [51

 <./fig/curva.pdf> <./fig/curva_aproximada.pdf>] (./joel_pres.toc)
File: fig/ime-usp.pdf Graphic file (type pdf)
 <use fig/ime-usp.pdf> [52

]
File: fig/ime-usp.pdf Graphic file (type pdf)

<use fig/ime-usp.pdf> [53

]
File: fig/ime-usp.pdf Graphic file (type pdf)
 <use fig/ime-usp.pdf> [54

]
File: fig/ime-usp.pdf Graphic file (type pdf)
 <use fig/ime-usp.pdf>
[55

]
File: fig/ime-usp.pdf Graphic file (type pdf)
 <use fig/ime-usp.pdf> [56

]
File: fig/ime-usp.pdf Graphic file (type pdf)
 <use fig/ime-usp.pdf> [57

]
File: fig/ime-usp.pdf Graphic file (type pdf)

<use fig/ime-usp.pdf> [58

]
File: fig/ime-usp.pdf Graphic file (type pdf)
 <use fig/ime-usp.pdf> [59

]
Overfull \hbox (31.01927pt too wide) detected at line 357
[]
 []

File: fig/ime-usp.pdf Graphic file (type pdf)
<use fig/ime-usp.pdf> [60

]
Overfull \hbox (31.01927pt too wide) detected at line 357
[]
 []

File: fig/ime-usp.pdf Graphic file (type pdf)
<use fig/ime-usp.pdf> [61

]
Overfull \hbox (31.01927pt too wide) detected at line 357
[]
 []

File: fig/ime-usp.pdf Graphic file (type pdf)
<use fig/ime-usp.pdf> [62

]
File: fig/ime-usp.pdf Graphic file (type pdf)
 <use fig/ime-usp.pdf> [63

]
File: fig/ime-usp.pdf Graphic file (type pdf)
 <use fig/ime-usp.pdf>
[64

]
File: fig/ime-usp.pdf Graphic file (type pdf)
 <use fig/ime-usp.pdf> [65

]
File: fig/ime-usp.pdf Graphic file (type pdf)
 <use fig/ime-usp.pdf> [66

]
File: fig/ime-usp.pdf Graphic file (type pdf)

<use fig/ime-usp.pdf> [67

]
File: fig/ime-usp.pdf Graphic file (type pdf)
 <use fig/ime-usp.pdf> [68

]
File: fig/ime-usp.pdf Graphic file (type pdf)
 <use fig/ime-usp.pdf>
[69

]
File: fig/ime-usp.pdf Graphic file (type pdf)
 <use fig/ime-usp.pdf> [70

]
File: fig/ime-usp.pdf Graphic file (type pdf)
 <use fig/ime-usp.pdf> [71

]
File: fig/ime-usp.pdf Graphic file (type pdf)

<use fig/ime-usp.pdf> [72

]
File: fig/ime-usp.pdf Graphic file (type pdf)
 <use fig/ime-usp.pdf> [73

]
File: fig/ime-usp.pdf Graphic file (type pdf)
 <use fig/ime-usp.pdf>
[74

]
File: fig/ime-usp.pdf Graphic file (type pdf)
 <use fig/ime-usp.pdf> [75

]

LaTeX Font Warning: Font shape `OT1/cmss/m/sc' in size <9> not available
(Font)              Font shape `OT1/cmr/m/sc' tried instead on input line 449.


LaTeX Font Warning: Font shape `OT1/cmss/bx/sl' undefined
(Font)              using `OT1/cmss/bx/n' instead on input line 449.

File: fig/ime-usp.pdf Graphic file (type pdf)
<use fig/ime-usp.pdf> [76

]
File: fig/ime-usp.pdf Graphic file (type pdf)
 <use fig/ime-usp.pdf> [77

]
File: fig/ime-usp.pdf Graphic file (type pdf)
 <use fig/ime-usp.pdf>
[78

]
File: fig/ime-usp.pdf Graphic file (type pdf)
 <use fig/ime-usp.pdf> [79

]
File: fig/ime-usp.pdf Graphic file (type pdf)
 <use fig/ime-usp.pdf> [80

] (./joel_pres.toc)
File: fig/ime-usp.pdf Graphic file (type pdf)

<use fig/ime-usp.pdf> [81

]

LaTeX Font Warning: Font shape `OT1/cmss/m/sc' in size <6> not available
(Font)              Font shape `OT1/cmr/m/sc' tried instead on input line 532.

File: fig/ime-usp.pdf Graphic file (type pdf)
<use fig/ime-usp.pdf> [82

]
File: fig/ime-usp.pdf Graphic file (type pdf)
 <use fig/ime-usp.pdf> [83

]
File: fig/ime-usp.pdf Graphic file (type pdf)
 <use fig/ime-usp.pdf>
[84

]
File: fig/ime-usp.pdf Graphic file (type pdf)
 <use fig/ime-usp.pdf> [85

]
File: fig/ime-usp.pdf Graphic file (type pdf)
 <use fig/ime-usp.pdf> [86

]
File: fig/ime-usp.pdf Graphic file (type pdf)

<use fig/ime-usp.pdf> [87

]
File: fig/ime-usp.pdf Graphic file (type pdf)
 <use fig/ime-usp.pdf> [88

]
File: fig/ime-usp.pdf Graphic file (type pdf)
 <use fig/ime-usp.pdf>
[89

]
File: fig/ime-usp.pdf Graphic file (type pdf)
 <use fig/ime-usp.pdf> [90

]
File: fig/ime-usp.pdf Graphic file (type pdf)
 <use fig/ime-usp.pdf> [91

]
File: fig/ime-usp.pdf Graphic file (type pdf)

<use fig/ime-usp.pdf> [92

]

LaTeX Font Warning: Font shape `OT1/cmss/m/sc' in size <14.4> not available
(Font)              Font shape `OT1/cmr/m/sc' tried instead on input line 644.

File: fig/ime-usp.pdf Graphic file (type pdf)
<use fig/ime-usp.pdf> [93

]
<fig/reducao_mochila.pdf, id=9114, 364.39436pt x 51.14307pt>
File: fig/reducao_mochila.pdf Graphic file (type pdf)

<use fig/reducao_mochila.pdf>
File: fig/ime-usp.pdf Graphic file (type pdf)
 <use fig/ime-usp.pdf> [94

 <./fig/reducao_mochila.pdf>]
File: fig/ime-usp.pdf Graphic file (type pdf)
 <use fig/ime-usp.pdf> [95

]
File: fig/ime-usp.pdf Graphic file (type pdf)
 <use fig/ime-usp.pdf> [96

]
File: fig/ime-usp.pdf Graphic file (type pdf)

<use fig/ime-usp.pdf> [97

]
File: fig/ime-usp.pdf Graphic file (type pdf)
 <use fig/ime-usp.pdf> [98

]
File: fig/ime-usp.pdf Graphic file (type pdf)
 <use fig/ime-usp.pdf>
[99

]
File: fig/ime-usp.pdf Graphic file (type pdf)
 <use fig/ime-usp.pdf> [100

]
File: fig/ime-usp.pdf Graphic file (type pdf)
 <use fig/ime-usp.pdf> [101

]
Overfull \hbox (6.9663pt too wide) detected at line 735
\OT1/cmss/m/sl/9 f[]\OT1/cmss/m/n/9 (\OT1/cmss/m/sl/9 r\OT1/cmss/m/n/9 ) = []
 []

File: fig/ime-usp.pdf Graphic file (type pdf)
<use fig/ime-usp.pdf> [102

]
Overfull \hbox (6.9663pt too wide) detected at line 735
\OT1/cmss/m/sl/9 f[]\OT1/cmss/m/n/9 (\OT1/cmss/m/sl/9 r\OT1/cmss/m/n/9 ) = []
 []

File: fig/ime-usp.pdf Graphic file (type pdf)
<use fig/ime-usp.pdf> [103

]
Overfull \hbox (6.9663pt too wide) detected at line 735
\OT1/cmss/m/sl/9 f[]\OT1/cmss/m/n/9 (\OT1/cmss/m/sl/9 r\OT1/cmss/m/n/9 ) = []
 []

File: fig/ime-usp.pdf Graphic file (type pdf)
<use fig/ime-usp.pdf> [104

]
File: fig/ime-usp.pdf Graphic file (type pdf)
 <use fig/ime-usp.pdf> [105

]
File: fig/ime-usp.pdf Graphic file (type pdf)
 <use fig/ime-usp.pdf>
[106

]
File: fig/ime-usp.pdf Graphic file (type pdf)
 <use fig/ime-usp.pdf> [107

]
File: fig/ime-usp.pdf Graphic file (type pdf)
 <use fig/ime-usp.pdf> [108

]
File: fig/ime-usp.pdf Graphic file (type pdf)

<use fig/ime-usp.pdf> [109

]
Overfull \hbox (23.50801pt too wide) detected at line 878
[]
 []

File: fig/ime-usp.pdf Graphic file (type pdf)
<use fig/ime-usp.pdf> [110

]
Overfull \hbox (23.50801pt too wide) detected at line 878
[]
 []

File: fig/ime-usp.pdf Graphic file (type pdf)
<use fig/ime-usp.pdf> [111

]
Overfull \hbox (23.50801pt too wide) detected at line 878
[]
 []

File: fig/ime-usp.pdf Graphic file (type pdf)
<use fig/ime-usp.pdf> [112

]
Overfull \hbox (23.50801pt too wide) detected at line 878
[]
 []

File: fig/ime-usp.pdf Graphic file (type pdf)
<use fig/ime-usp.pdf> [113

]
File: fig/ime-usp.pdf Graphic file (type pdf)
 <use fig/ime-usp.pdf> [114

]
File: fig/ime-usp.pdf Graphic file (type pdf)
 <use fig/ime-usp.pdf>
[115

]
File: fig/ime-usp.pdf Graphic file (type pdf)
 <use fig/ime-usp.pdf> [116

]
File: fig/ime-usp.pdf Graphic file (type pdf)
 <use fig/ime-usp.pdf> [117

]
File: fig/ime-usp.pdf Graphic file (type pdf)

<use fig/ime-usp.pdf> [118

]
File: fig/ime-usp.pdf Graphic file (type pdf)
 <use fig/ime-usp.pdf> [119

]
File: fig/ime-usp.pdf Graphic file (type pdf)
 <use fig/ime-usp.pdf>
[120

]
File: fig/ime-usp.pdf Graphic file (type pdf)
 <use fig/ime-usp.pdf> [121

]
File: fig/ime-usp.pdf Graphic file (type pdf)
 <use fig/ime-usp.pdf> [122

]
File: fig/ime-usp.pdf Graphic file (type pdf)

<use fig/ime-usp.pdf> [123

]
File: fig/ime-usp.pdf Graphic file (type pdf)
 <use fig/ime-usp.pdf> [124

]
File: fig/ime-usp.pdf Graphic file (type pdf)
 <use fig/ime-usp.pdf>
[125

]
File: fig/ime-usp.pdf Graphic file (type pdf)
 <use fig/ime-usp.pdf> [126

]
File: fig/ime-usp.pdf Graphic file (type pdf)
 <use fig/ime-usp.pdf> [127

]
File: fig/ime-usp.pdf Graphic file (type pdf)

<use fig/ime-usp.pdf> [128

]
File: fig/ime-usp.pdf Graphic file (type pdf)
 <use fig/ime-usp.pdf> [129

]
File: fig/ime-usp.pdf Graphic file (type pdf)
 <use fig/ime-usp.pdf>
[130

]
File: fig/ime-usp.pdf Graphic file (type pdf)
 <use fig/ime-usp.pdf> [131

]
File: fig/ime-usp.pdf Graphic file (type pdf)
 <use fig/ime-usp.pdf> [132

]
File: fig/ime-usp.pdf Graphic file (type pdf)

<use fig/ime-usp.pdf> [133

]
File: fig/ime-usp.pdf Graphic file (type pdf)
 <use fig/ime-usp.pdf> [134

]
File: fig/ime-usp.pdf Graphic file (type pdf)
 <use fig/ime-usp.pdf>
[135

]
File: fig/ime-usp.pdf Graphic file (type pdf)
 <use fig/ime-usp.pdf> [136

]

pdfTeX warning: pdflatex (file ./fig/grafo_lagrangeana.pdf): PDF inclusion: fou
nd PDF version <1.5>, but at most version <1.4> allowed
<fig/grafo_lagrangeana.pdf, id=13225, 616.3025pt x 558.085pt>
File: fig/grafo_lagrangeana.pdf Graphic file (type pdf)

<use fig/grafo_lagrangeana.pdf>
File: fig/ime-usp.pdf Graphic file (type pdf)
 <use fig/ime-usp.pdf> [137

 <./fig/grafo_lagrangeana.pdf>]

pdfTeX warning: pdflatex (file ./fig/zang1a.pdf): PDF inclusion: found PDF vers
ion <1.5>, but at most version <1.4> allowed
<fig/zang1a.pdf, id=13330, 616.3025pt x 558.085pt>
File: fig/zang1a.pdf Graphic file (type pdf)
 <use fig/zang1a.pdf>

pdfTeX warning: pdflatex (file ./fig/zang1b.pdf): PDF inclusion: found PDF vers
ion <1.5>, but at most version <1.4> allowed
<fig/zang1b.pdf, id=13332, 361.35pt x 216.81pt>
File: fig/zang1b.pdf Graphic file (type pdf)
 <use fig/zang1b.pdf>
Overfull \hbox (27.45993pt too wide) in paragraph at lines 1004--1004
 [][] 
 []

File: fig/ime-usp.pdf Graphic file (type pdf)
<use fig/ime-usp.pdf> [138

 <./fig/zang1a.pdf> <./fig/zang1b.pdf>]

pdfTeX warning: pdflatex (file ./fig/zang2a.pdf): PDF inclusion: found PDF vers
ion <1.5>, but at most version <1.4> allowed
<fig/zang2a.pdf, id=13445, 616.3025pt x 558.085pt>
File: fig/zang2a.pdf Graphic file (type pdf)
 <use fig/zang2a.pdf>

pdfTeX warning: pdflatex (file ./fig/zang2b.pdf): PDF inclusion: found PDF vers
ion <1.5>, but at most version <1.4> allowed
<fig/zang2b.pdf, id=13447, 361.35pt x 216.81pt>
File: fig/zang2b.pdf Graphic file (type pdf)
 <use fig/zang2b.pdf>
Overfull \hbox (27.45993pt too wide) in paragraph at lines 1016--1016
 [][] 
 []

pdfTeX warning (ext4): destination with the same identifier (name{fig:zang1}) h
as been already used, duplicate ignored
<to be read again> 
                   \relax 
l.1016 }
        
File: fig/ime-usp.pdf Graphic file (type pdf)
 <use fig/ime-usp.pdf> [139

 <./fig/zang2a.pdf> <./fig/zang2b.pdf>]

pdfTeX warning: pdflatex (file ./fig/zang3a.pdf): PDF inclusion: found PDF vers
ion <1.5>, but at most version <1.4> allowed
<fig/zang3a.pdf, id=13560, 616.3025pt x 558.085pt>
File: fig/zang3a.pdf Graphic file (type pdf)
 <use fig/zang3a.pdf>

pdfTeX warning: pdflatex (file ./fig/zang3b.pdf): PDF inclusion: found PDF vers
ion <1.5>, but at most version <1.4> allowed
<fig/zang3b.pdf, id=13562, 361.35pt x 216.81pt>
File: fig/zang3b.pdf Graphic file (type pdf)
 <use fig/zang3b.pdf>
Overfull \hbox (27.45993pt too wide) in paragraph at lines 1029--1029
 [][] 
 []

pdfTeX warning (ext4): destination with the same identifier (name{fig:zang1}) h
as been already used, duplicate ignored
<to be read again> 
                   \relax 
l.1029 }
        
File: fig/ime-usp.pdf Graphic file (type pdf)
 <use fig/ime-usp.pdf> [140

 <./fig/zang3a.pdf> <./fig/zang3b.pdf>]

pdfTeX warning: pdflatex (file ./fig/zang6a.pdf): PDF inclusion: found PDF vers
ion <1.5>, but at most version <1.4> allowed
<fig/zang6a.pdf, id=13674, 616.3025pt x 558.085pt>
File: fig/zang6a.pdf Graphic file (type pdf)
 <use fig/zang6a.pdf>

pdfTeX warning: pdflatex (file ./fig/zang6b.pdf): PDF inclusion: found PDF vers
ion <1.5>, but at most version <1.4> allowed
<fig/zang6b.pdf, id=13676, 361.35pt x 216.81pt>
File: fig/zang6b.pdf Graphic file (type pdf)
 <use fig/zang6b.pdf>
Overfull \hbox (27.45993pt too wide) in paragraph at lines 1039--1039
 [][] 
 []

pdfTeX warning (ext4): destination with the same identifier (name{fig:zang1}) h
as been already used, duplicate ignored
<to be read again> 
                   \relax 
l.1039 }
        
File: fig/ime-usp.pdf Graphic file (type pdf)
 <use fig/ime-usp.pdf> [141

 <./fig/zang6a.pdf> <./fig/zang6b.pdf>]

pdfTeX warning: pdflatex (file ./fig/zang7a.pdf): PDF inclusion: found PDF vers
ion <1.5>, but at most version <1.4> allowed
<fig/zang7a.pdf, id=13788, 616.3025pt x 558.085pt>
File: fig/zang7a.pdf Graphic file (type pdf)
 <use fig/zang7a.pdf>

pdfTeX warning: pdflatex (file ./fig/zang7b.pdf): PDF inclusion: found PDF vers
ion <1.5>, but at most version <1.4> allowed
<fig/zang7b.pdf, id=13790, 361.35pt x 216.81pt>
File: fig/zang7b.pdf Graphic file (type pdf)
 <use fig/zang7b.pdf>
Overfull \hbox (27.45993pt too wide) in paragraph at lines 1049--1049
 [][] 
 []

pdfTeX warning (ext4): destination with the same identifier (name{fig:zang1}) h
as been already used, duplicate ignored
<to be read again> 
                   \relax 
l.1049 }
        
File: fig/ime-usp.pdf Graphic file (type pdf)
 <use fig/ime-usp.pdf> [142

 <./fig/zang7a.pdf> <./fig/zang7b.pdf>]

pdfTeX warning: pdflatex (file ./fig/zang8a.pdf): PDF inclusion: found PDF vers
ion <1.5>, but at most version <1.4> allowed
<fig/zang8a.pdf, id=13902, 616.3025pt x 558.085pt>
File: fig/zang8a.pdf Graphic file (type pdf)
 <use fig/zang8a.pdf>

pdfTeX warning: pdflatex (file ./fig/zang8b.pdf): PDF inclusion: found PDF vers
ion <1.5>, but at most version <1.4> allowed
<fig/zang8b.pdf, id=13904, 361.35pt x 216.81pt>
File: fig/zang8b.pdf Graphic file (type pdf)
 <use fig/zang8b.pdf>
Overfull \hbox (27.45993pt too wide) in paragraph at lines 1059--1059
 [][] 
 []

pdfTeX warning (ext4): destination with the same identifier (name{fig:zang1}) h
as been already used, duplicate ignored
<to be read again> 
                   \relax 
l.1059 }
        
File: fig/ime-usp.pdf Graphic file (type pdf)
 <use fig/ime-usp.pdf> [143

 <./fig/zang8a.pdf> <./fig/zang8b.pdf>]

pdfTeX warning: pdflatex (file ./fig/zang9a.pdf): PDF inclusion: found PDF vers
ion <1.5>, but at most version <1.4> allowed
<fig/zang9a.pdf, id=14016, 616.3025pt x 558.085pt>
File: fig/zang9a.pdf Graphic file (type pdf)
 <use fig/zang9a.pdf>

pdfTeX warning: pdflatex (file ./fig/zang9b.pdf): PDF inclusion: found PDF vers
ion <1.5>, but at most version <1.4> allowed
<fig/zang9b.pdf, id=14018, 361.35pt x 216.81pt>
File: fig/zang9b.pdf Graphic file (type pdf)
 <use fig/zang9b.pdf>
Overfull \hbox (27.45993pt too wide) in paragraph at lines 1069--1069
 [][] 
 []

pdfTeX warning (ext4): destination with the same identifier (name{fig:zang1}) h
as been already used, duplicate ignored
<to be read again> 
                   \relax 
l.1069 }
        
File: fig/ime-usp.pdf Graphic file (type pdf)
 <use fig/ime-usp.pdf> [144

 <./fig/zang9a.pdf> <./fig/zang9b.pdf>]

pdfTeX warning: pdflatex (file ./fig/zang10a.pdf): PDF inclusion: found PDF ver
sion <1.5>, but at most version <1.4> allowed
<fig/zang10a.pdf, id=14130, 616.3025pt x 558.085pt>
File: fig/zang10a.pdf Graphic file (type pdf)
 <use fig/zang10a.pdf>

pdfTeX warning: pdflatex (file ./fig/zang10b.pdf): PDF inclusion: found PDF ver
sion <1.5>, but at most version <1.4> allowed
<fig/zang10b.pdf, id=14132, 361.35pt x 216.81pt>
File: fig/zang10b.pdf Graphic file (type pdf)
 <use fig/zang10b.pdf>
Overfull \hbox (27.45993pt too wide) in paragraph at lines 1079--1079
 [][] 
 []

pdfTeX warning (ext4): destination with the same identifier (name{fig:zang1}) h
as been already used, duplicate ignored
<to be read again> 
                   \relax 
l.1079 }
        
File: fig/ime-usp.pdf Graphic file (type pdf)
 <use fig/ime-usp.pdf> [145

 <./fig/zang10a.pdf> <./fig/zang10b.pdf>]

pdfTeX warning: pdflatex (file ./fig/zang11a.pdf): PDF inclusion: found PDF ver
sion <1.5>, but at most version <1.4> allowed
<fig/zang11a.pdf, id=14245, 616.3025pt x 558.085pt>
File: fig/zang11a.pdf Graphic file (type pdf)
 <use fig/zang11a.pdf>

pdfTeX warning: pdflatex (file ./fig/zang11b.pdf): PDF inclusion: found PDF ver
sion <1.5>, but at most version <1.4> allowed
<fig/zang11b.pdf, id=14247, 361.35pt x 216.81pt>
File: fig/zang11b.pdf Graphic file (type pdf)
 <use fig/zang11b.pdf>
Overfull \hbox (27.45993pt too wide) in paragraph at lines 1089--1089
 [][] 
 []

pdfTeX warning (ext4): destination with the same identifier (name{fig:zang1}) h
as been already used, duplicate ignored
<to be read again> 
                   \relax 
l.1089 }
        
File: fig/ime-usp.pdf Graphic file (type pdf)
 <use fig/ime-usp.pdf> [146

 <./fig/zang11a.pdf> <./fig/zang11b.pdf>]
(./joel_pres.toc)
File: fig/ime-usp.pdf Graphic file (type pdf)
 <use fig/ime-usp.pdf> [147

]
File: fig/ime-usp.pdf Graphic file (type pdf)
 <use fig/ime-usp.pdf> [148

]
File: fig/ime-usp.pdf Graphic file (type pdf)

<use fig/ime-usp.pdf> [149

]

LaTeX Font Warning: Font shape `OT1/cmss/bx/it' undefined
(Font)              using `OT1/cmss/bx/n' instead on input line 1128.

File: fig/ime-usp.pdf Graphic file (type pdf)
<use fig/ime-usp.pdf> [150

]
File: fig/ime-usp.pdf Graphic file (type pdf)
 <use fig/ime-usp.pdf> [151

]
File: fig/ime-usp.pdf Graphic file (type pdf)
 <use fig/ime-usp.pdf>
[152

]
Overfull \vbox (8.10307pt too high) detected at line 1228
 []

File: fig/ime-usp.pdf Graphic file (type pdf)
<use fig/ime-usp.pdf> [153

]
Overfull \vbox (5.85309pt too high) detected at line 1270
 []

File: fig/ime-usp.pdf Graphic file (type pdf)
<use fig/ime-usp.pdf> [154

]

pdfTeX warning: pdflatex (file ./fig/bc_tempo.pdf): PDF inclusion: found PDF ve
rsion <1.5>, but at most version <1.4> allowed
<fig/bc_tempo.pdf, id=15122, 361.35pt x 216.81pt>
File: fig/bc_tempo.pdf Graphic file (type pdf)
 <use fig/bc_tempo.pdf>

pdfTeX warning: pdflatex (file ./fig/bc_memoria.pdf): PDF inclusion: found PDF 
version <1.5>, but at most version <1.4> allowed
<fig/bc_memoria.pdf, id=15124, 361.35pt x 216.81pt>
File: fig/bc_memoria.pdf Graphic file (type pdf)
 <use fig/bc_memoria.pdf>pdfTeX warning (ext4): destination with the same ident
ifier (name{fig:gps}) has been already used, duplicate ignored
<to be read again> 
                   \relax 
l.1283 }
        
File: fig/ime-usp.pdf Graphic file (type pdf)
 <use fig/ime-usp.pdf> [155

 <./fig/bc_tempo.pdf> <./fig/bc_memoria.pdf>]
File: fig/ime-usp.pdf Graphic file (type pdf)
 <use fig/ime-usp.pdf> [156

]
File: fig/ime-usp.pdf Graphic file (type pdf)
 <use fig/ime-usp.pdf> [157

]
Overfull \hbox (3.3126pt too wide) in paragraph at lines 1339--1339
 [] 
 []

File: fig/ime-usp.pdf Graphic file (type pdf)
<use fig/ime-usp.pdf> [158

]

pdfTeX warning: pdflatex (file ./fig/curva_tempo.pdf): PDF inclusion: found PDF
 version <1.5>, but at most version <1.4> allowed
<fig/curva_tempo.pdf, id=15522, 361.35pt x 216.81pt>
File: fig/curva_tempo.pdf Graphic file (type pdf)
 <use fig/curva_tempo.pdf>

pdfTeX warning: pdflatex (file ./fig/curva_memoria.pdf): PDF inclusion: found P
DF version <1.5>, but at most version <1.4> allowed
<fig/curva_memoria.pdf, id=15524, 361.35pt x 216.81pt>
File: fig/curva_memoria.pdf Graphic file (type pdf)

<use fig/curva_memoria.pdf>
File: fig/ime-usp.pdf Graphic file (type pdf)
 <use fig/ime-usp.pdf> [159

 <./fig/curva_tempo.pdf> <./fig/curva_memoria.pdf>] (./joel_pres.bbl)
File: fig/ime-usp.pdf Graphic file (type pdf)
 <use fig/ime-usp.pdf> [160

]
File: fig/ime-usp.pdf Graphic file (type pdf)

<use fig/ime-usp.pdf> [161


]
File: fig/ime-usp.pdf Graphic file (type pdf)
 <use fig/ime-usp.pdf> [162


]
File: fig/ime-usp.pdf Graphic file (type pdf)
 <use fig/ime-usp.pdf>
[163

]
\tf@nav=\write8
\openout8 = `joel_pres.nav'.

\tf@toc=\write9
\openout9 = `joel_pres.toc'.

\tf@snm=\write10
\openout10 = `joel_pres.snm'.

 (./joel_pres.aux)

LaTeX Font Warning: Size substitutions with differences
(Font)              up to 1.0pt have occurred.


LaTeX Font Warning: Some font shapes were not available, defaults substituted.


LaTeX Warning: There were multiply-defined labels.

 ) 
Here is how much of TeX's memory you used:
 18312 strings out of 493848
 325288 string characters out of 1152823
 494144 words of memory out of 3000000
 20680 multiletter control sequences out of 15000+50000
 22327 words of font info for 85 fonts, out of 3000000 for 9000
 719 hyphenation exceptions out of 8191
 55i,19n,60p,398b,747s stack positions out of 5000i,500n,10000p,200000b,50000s
</usr/share/texmf-texlive/fonts/type1/public/amsfonts/cm/cmcsc10.pfb></usr/sh
are/texmf-texlive/fonts/type1/public/amsfonts/cm/cmex10.pfb></usr/share/texmf-t
exlive/fonts/type1/public/amsfonts/cmextra/cmex7.pfb></usr/share/texmf-texlive/
fonts/type1/public/amsfonts/cmextra/cmex9.pfb></usr/share/texmf-texlive/fonts/t
ype1/public/amsfonts/cm/cmmi10.pfb></usr/share/texmf-texlive/fonts/type1/public
/amsfonts/cm/cmmi6.pfb></usr/share/texmf-texlive/fonts/type1/public/amsfonts/cm
/cmmi7.pfb></usr/share/texmf-texlive/fonts/type1/public/amsfonts/cm/cmmi9.pfb><
/usr/share/texmf-texlive/fonts/type1/public/amsfonts/cm/cmr10.pfb></usr/share/t
exmf-texlive/fonts/type1/public/amsfonts/cm/cmr5.pfb></usr/share/texmf-texlive/
fonts/type1/public/amsfonts/cm/cmr6.pfb></usr/share/texmf-texlive/fonts/type1/p
ublic/amsfonts/cm/cmr7.pfb></usr/share/texmf-texlive/fonts/type1/public/amsfont
s/cm/cmss10.pfb></usr/share/texmf-texlive/fonts/type1/public/amsfonts/cm/cmss12
.pfb></usr/share/texmf-texlive/fonts/type1/public/amsfonts/cm/cmss8.pfb></usr/s
hare/texmf-texlive/fonts/type1/public/amsfonts/cm/cmss9.pfb></usr/share/texmf-t
exlive/fonts/type1/public/amsfonts/cm/cmssbx10.pfb></usr/share/texmf-texlive/fo
nts/type1/public/amsfonts/cm/cmssi10.pfb></usr/share/texmf-texlive/fonts/type1/
public/amsfonts/cm/cmssi12.pfb></usr/share/texmf-texlive/fonts/type1/public/ams
fonts/cm/cmssi8.pfb></usr/share/texmf-texlive/fonts/type1/public/amsfonts/cm/cm
ssi9.pfb></usr/share/texmf-texlive/fonts/type1/public/amsfonts/cm/cmsy10.pfb></
usr/share/texmf-texlive/fonts/type1/public/amsfonts/cm/cmsy5.pfb></usr/share/te
xmf-texlive/fonts/type1/public/amsfonts/cm/cmsy6.pfb></usr/share/texmf-texlive/
fonts/type1/public/amsfonts/cm/cmsy7.pfb></usr/share/texmf-texlive/fonts/type1/
public/amsfonts/cm/cmsy8.pfb></usr/share/texmf-texlive/fonts/type1/public/amsfo
nts/cm/cmsy9.pfb></usr/share/texmf-texlive/fonts/type1/public/amsfonts/cm/cmti1
0.pfb></usr/share/texmf-texlive/fonts/type1/public/amsfonts/cm/cmti7.pfb></usr/
share/texmf-texlive/fonts/type1/public/amsfonts/cm/cmti9.pfb></usr/share/texmf-
texlive/fonts/type1/public/amsfonts/cm/cmtt8.pfb></usr/share/texmf-texlive/font
s/type1/public/amsfonts/latxfont/lasy6.pfb></usr/share/texmf-texlive/fonts/type
1/public/amsfonts/latxfont/lasy9.pfb></usr/share/texmf-texlive/fonts/type1/publ
ic/amsfonts/symbols/msam10.pfb></usr/share/texmf-texlive/fonts/type1/public/ams
fonts/symbols/msam7.pfb></usr/share/texmf-texlive/fonts/type1/public/amsfonts/s
ymbols/msbm10.pfb></usr/share/texmf-texlive/fonts/type1/public/amsfonts/symbols
/msbm7.pfb>
Output written on joel_pres.pdf (163 pages, 5684005 bytes).
PDF statistics:
 16213 PDF objects out of 18468 (max. 8388607)
 350 named destinations out of 1000 (max. 500000)
 223 words of extra memory for PDF output out of 10000 (max. 10000000)

