\BOOKMARK [-1][]{toc.-1}{Sum\341rio}{}
\BOOKMARK [0][]{chapter.1}{Introdu\347\343o}{toc.-1}
\BOOKMARK [1][]{section.1.1}{Aplica\347\365es}{chapter.1}
\BOOKMARK [2][]{subsection.1.1.1}{Qualidade de servi\347o em redes de computadores}{section.1.1}
\BOOKMARK [2][]{subsection.1.1.2}{Roteamento de tr\341fego de ve\355culos}{section.1.1}
\BOOKMARK [2][]{subsection.1.1.3}{Compress\343o de imagens \(aproxima\347\343o de curvas\)}{section.1.1}
\BOOKMARK [1][]{section.1.2}{Objetivos}{chapter.1}
\BOOKMARK [1][]{section.1.3}{Preliminares}{chapter.1}
\BOOKMARK [1][]{section.1.4}{Organiza\347\343o}{chapter.1}
\BOOKMARK [0][]{chapter.2}{Caminhos mmos \(sem restris\)}{toc.-1}
\BOOKMARK [1][]{section.2.1}{Definis bcas}{chapter.2}
\BOOKMARK [1][]{section.2.2}{Defini formal do problema}{chapter.2}
\BOOKMARK [1][]{section.2.3}{Funs potenciais}{chapter.2}
\BOOKMARK [1][]{section.2.4}{Representa de caminhos}{chapter.2}
\BOOKMARK [1][]{section.2.5}{Examinando arcos e vices}{chapter.2}
\BOOKMARK [1][]{section.2.6}{Algoritmos}{chapter.2}
\BOOKMARK [2][]{subsection.2.6.1}{Algoritmo de Dijsktra}{section.2.6}
\BOOKMARK [2][]{subsection.2.6.2}{Algoritmo de Ford}{section.2.6}
\BOOKMARK [0][]{chapter.3}{Caminhos mmos com recursos limitados}{toc.-1}
\BOOKMARK [1][]{section.3.1}{Defini do problema}{chapter.3}
\BOOKMARK [1][]{section.3.2}{Revisibliogrca}{chapter.3}
\BOOKMARK [1][]{section.3.3}{Complexidade}{chapter.3}
\BOOKMARK [1][]{section.3.4}{Preprocessamento}{chapter.3}
\BOOKMARK [2][]{subsection.3.4.1}{Redu baseada nos recursos}{section.3.4}
\BOOKMARK [2][]{subsection.3.4.2}{Redu baseada nos custos}{section.3.4}
\BOOKMARK [1][]{section.3.5}{Programa dinca}{chapter.3}
\BOOKMARK [2][]{subsection.3.5.1}{Programa dinca primal}{section.3.5}
\BOOKMARK [2][]{subsection.3.5.2}{Programa dinca dual}{section.3.5}
\BOOKMARK [2][]{subsection.3.5.3}{Programa dinca por ros}{section.3.5}
\BOOKMARK [1][]{section.3.6}{-Aproxima}{chapter.3}
\BOOKMARK [1][]{section.3.7}{Ranqueamento de caminhos}{chapter.3}
\BOOKMARK [1][]{section.3.8}{Relaxa Lagrangiana}{chapter.3}
\BOOKMARK [0][]{chapter.4}{Experimentos}{toc.-1}
\BOOKMARK [1][]{section.4.1}{Ambiente computacional}{chapter.4}
\BOOKMARK [1][]{section.4.2}{Dados de Teste}{chapter.4}
\BOOKMARK [1][]{section.4.3}{Resultados}{chapter.4}
\BOOKMARK [-1][]{conclusions.-1}{Conclusions}{}
\BOOKMARK [0][]{chapter.5}{Conclus\343o}{conclusions.-1}
